<?xml version="1.0" encoding="UTF-8"?>
<!-- Generated by org.testng.reporters.JUnitReportReporter -->
<testsuite hostname="Dheeraj" failures="0" tests="1" name="pack1.NewTest1" time="4.707" errors="0" timestamp="2023-08-21T16:28:13 IST" skipped="0">
  <testcase classname="pack1.NewTest1" name="f" time="4.707"/>
  <system-out/>
</testsuite> <!-- pack1.NewTest1 -->
