<?xml version="1.0" encoding="UTF-8"?>
<!-- Generated by org.testng.reporters.JUnitReportReporter -->
<testsuite hostname="Dheeraj" failures="0" tests="9" name="giveAward.giveAward_flow" time="167.531" errors="0" timestamp="2023-09-06T11:02:48 IST" skipped="0">
  <testcase classname="giveAward.giveAward_flow" name="GiveAwardFlowSingle" time="36.561"/>
  <system-out/>
  <testcase classname="giveAward.giveAward_flow" name="GiveAward_single_Amount_Deduction_Admin" time="18.767"/>
  <system-out/>
  <testcase classname="giveAward.giveAward_flow" name="SocialFeedIDGet" time="8.226"/>
  <system-out/>
  <testcase classname="giveAward.giveAward_flow" name="LikePositive" time="7.938"/>
  <system-out/>
  <testcase classname="giveAward.giveAward_flow" name="CommentPositiveNegative" time="16.930"/>
  <system-out/>
  <testcase classname="giveAward.giveAward_flow" name="Appriate_emp_mail_Negative" time="25.677"/>
  <system-out/>
  <testcase classname="giveAward.giveAward_flow" name="Give_award_custom_msg_negative" time="20.444"/>
  <system-out/>
  <testcase classname="giveAward.giveAward_flow" name="GiveAward_Point_Transfer_negative_Single" time="22.298"/>
  <system-out/>
  <testcase classname="giveAward.giveAward_flow" name="Appriated_List_Test" time="10.690"/>
  <system-out/>
</testsuite> <!-- giveAward.giveAward_flow -->
