<?xml version="1.0" encoding="UTF-8"?>
<!-- Generated by org.testng.reporters.JUnitReportReporter -->
<testsuite hostname="Dheeraj" failures="0" tests="8" name="appriciate_flow.appriatiate_flow" time="139.223" errors="0" timestamp="2023-08-30T17:23:37 IST" skipped="0">
  <testcase classname="appriciate_flow.appriatiate_flow" name="AppriateFlowSingle" time="34.333"/>
  <system-out/>
  <testcase classname="appriciate_flow.appriatiate_flow" name="SocialFeedIDGet" time="10.636"/>
  <system-out/>
  <testcase classname="appriciate_flow.appriatiate_flow" name="LikePositive" time="9.176"/>
  <system-out/>
  <testcase classname="appriciate_flow.appriatiate_flow" name="CommentPositiveNegative" time="4.666"/>
  <system-out>
    <![CDATA[Comment functionality is not available]]>
  </system-out>
  <testcase classname="appriciate_flow.appriatiate_flow" name="Appriate_emp_mail_Negative" time="28.699"/>
  <system-out/>
  <testcase classname="appriciate_flow.appriatiate_flow" name="Appriate_award_Negative" time="14.873"/>
  <system-out/>
  <testcase classname="appriciate_flow.appriatiate_flow" name="Appriate_Custom_msg_Negative" time="19.333"/>
  <system-out/>
  <testcase classname="appriciate_flow.appriatiate_flow" name="Appriated_List_Test" time="17.507"/>
  <system-out/>
</testsuite> <!-- appriciate_flow.appriatiate_flow -->
