<?xml version="1.0" encoding="UTF-8"?>
<!-- Generated by org.testng.reporters.JUnitReportReporter -->
<testsuite hostname="Neeru" failures="0" tests="2" name="uiTesting.UiTesting" time="63.152" errors="0" timestamp="2024-04-15T00:09:56 IST" skipped="0">
  <testcase classname="uiTesting.UiTesting" name="Ui_Testing_Expected" time="38.588"/>
  <system-out/>
  <testcase classname="uiTesting.UiTesting" name="Ui_Testing_actual" time="24.564"/>
  <system-out>
    <![CDATA[<font color="red">Difference in Screenshot, Please check the mentioned image : excel\UiTesting\actualImage\page_rewards_home.png</font>]]>
  </system-out>
</testsuite> <!-- uiTesting.UiTesting -->
