<?xml version="1.0" encoding="UTF-8"?>
<!-- Generated by org.testng.reporters.JUnitReportReporter -->
<testsuite hostname="Dheeraj" failures="0" tests="1" name="genericFlow.SocialFeedDelete" time="3.635" errors="0" timestamp="2023-09-06T11:02:48 IST" skipped="0">
  <testcase classname="genericFlow.SocialFeedDelete" name="feedDelete" time="3.635"/>
  <system-out>
    <![CDATA[3420182 : NewsFeed Deleted]]>
  </system-out>
</testsuite> <!-- genericFlow.SocialFeedDelete -->
