<?xml version="1.0" encoding="UTF-8"?>
<!-- Generated by org.testng.reporters.JUnitReportReporter -->
<testsuite hostname="Neeru" failures="0" tests="1" name="Afni_testing.nomination" time="20.470" errors="0" timestamp="2024-05-23T19:16:00 IST" skipped="0">
  <testcase classname="Afni_testing.nomination" name="singleNominationFlow" time="20.470"/>
  <system-out/>
</testsuite> <!-- Afni_testing.nomination -->
