<?xml version="1.0" encoding="UTF-8"?>
<!-- Generated by org.testng.reporters.JUnitReportReporter -->
<testsuite hostname="Neeru" failures="0" tests="3" name="Afni_testing.budgetRequestFlow" time="33.033" errors="0" timestamp="2024-05-31T15:35:44 IST" skipped="0">
  <testcase classname="Afni_testing.budgetRequestFlow" name="requestAmount" time="15.152"/>
  <system-out/>
  <testcase classname="Afni_testing.budgetRequestFlow" name="submitWithoutAmount" time="10.347"/>
  <system-out/>
  <testcase classname="Afni_testing.budgetRequestFlow" name="submitWithoutDocument" time="7.534"/>
  <system-out/>
</testsuite> <!-- Afni_testing.budgetRequestFlow -->
