<?xml version="1.0" encoding="UTF-8"?>
<!-- Generated by org.testng.reporters.JUnitReportReporter -->
<testsuite hostname="Neeru" failures="0" tests="6" name="report_section.NewUI_login_session_report" time="18.322" errors="0" timestamp="2024-06-17T00:19:12 IST" skipped="0">
  <testcase classname="report_section.NewUI_login_session_report" name="report_name_verification" time="2.583"/>
  <system-out/>
  <testcase classname="report_section.NewUI_login_session_report" name="filter_present_verification" time="3.031"/>
  <system-out>
    <![CDATA[<font color="green">Filter is available </font>]]>
  </system-out>
  <testcase classname="report_section.NewUI_login_session_report" name="clear_button_presnece_verification" time="2.351"/>
  <system-out>
    <![CDATA[<font color="green">Clear button is available </font>]]>
  </system-out>
  <testcase classname="report_section.NewUI_login_session_report" name="download_button_presnece_verification" time="2.319"/>
  <system-out>
    <![CDATA[<font color="green">Download button is available </font>]]>
  </system-out>
  <testcase classname="report_section.NewUI_login_session_report" name="pagination_presence_verification" time="2.698"/>
  <system-out>
    <![CDATA[<font color="green">pagination is available </font>]]>
  </system-out>
  <testcase classname="report_section.NewUI_login_session_report" name="report_rowcount_verification" time="5.340"/>
  <system-out>
    <![CDATA[<font color="green">BackEnd rows are visible in report and count is : 30</font>
<font color="green">Frontend rows are visible in report and count is : 30</font>]]>
  </system-out>
</testsuite> <!-- report_section.NewUI_login_session_report -->
