<?xml version="1.0" encoding="UTF-8"?>
<!-- Generated by org.testng.reporters.JUnitReportReporter -->
<testsuite hostname="Dheeraj" failures="0" tests="1" name="genericFlow.SocialFeedDelete" time="24.168" errors="0" timestamp="2023-08-30T17:53:58 IST" skipped="0">
  <testcase classname="genericFlow.SocialFeedDelete" name="feedDelete" time="24.168"/>
  <system-out>
    <![CDATA[3380493 : NewsFeed Deleted
3380494 : NewsFeed Deleted
3380495 : NewsFeed Deleted]]>
  </system-out>
</testsuite> <!-- genericFlow.SocialFeedDelete -->
