<?xml version="1.0" encoding="UTF-8"?>
<!-- Generated by org.testng.reporters.JUnitReportReporter -->
<testsuite hostname="Neeru" failures="0" tests="5" name="report_section.NewUI_recognition_received_report" time="5.732" errors="0" timestamp="2024-04-25T15:16:36 IST" skipped="4">
  <testcase classname="report_section.NewUI_recognition_received_report" name="dataVerficationWITHPAYLOAD" time="5.732"/>
  <system-out>
    <![CDATA[<font color="red">Value: https://cdn2.workadvantage.in/images/img/image/2652713/f6d38aabfc.jpeg, Count in Map 1: 1, Count in Map 2: 0</font>
<font color="red">data is mis-matched kindly see the key above</font>]]>
  </system-out>
  <testcase classname="report_section.NewUI_recognition_received_report" name="HeaderAndRowDataVerification">
    <skipped/>
  </testcase> <!-- HeaderAndRowDataVerification -->
  <system-out/>
  <testcase classname="report_section.NewUI_recognition_received_report" name="dataVerfication">
    <skipped/>
  </testcase> <!-- dataVerfication -->
  <system-out/>
  <testcase classname="report_section.NewUI_recognition_received_report" name="FilterVerfication">
    <skipped/>
  </testcase> <!-- FilterVerfication -->
  <system-out/>
  <testcase classname="report_section.NewUI_recognition_received_report" name="OpenReportAndNameVerfication">
    <skipped/>
  </testcase> <!-- OpenReportAndNameVerfication -->
  <system-out/>
</testsuite> <!-- report_section.NewUI_recognition_received_report -->
