<?xml version="1.0" encoding="UTF-8"?>
<!-- Generated by org.testng.reporters.JUnitReportReporter -->
<testsuite hostname="AC" failures="0" tests="3" name="Afni_testing.budgetRequestFlow2" time="6.861" errors="0" timestamp="2024-05-31T23:17:17 IST" skipped="0">
  <testcase classname="Afni_testing.budgetRequestFlow2" name="requestAmount" time="0.911"/>
  <system-out/>
  <testcase classname="Afni_testing.budgetRequestFlow2" name="submitWithoutAmount" time="1.828"/>
  <system-out/>
  <testcase classname="Afni_testing.budgetRequestFlow2" name="submitWithoutAmount1" time="4.122"/>
  <system-out/>
</testsuite> <!-- Afni_testing.budgetRequestFlow2 -->
