<?xml version="1.0" encoding="UTF-8"?>
<!-- Generated by org.testng.reporters.JUnitReportReporter -->
<testsuite hostname="Neeru" failures="0" tests="4" name="points_transfer.manToManTransfer" time="42.530" errors="0" timestamp="2024-05-21T22:48:56 IST" skipped="0">
  <testcase classname="points_transfer.manToManTransfer" name="noPointsEnteredAlertVerification" time="10.009"/>
  <system-out/>
  <testcase classname="points_transfer.manToManTransfer" name="zeroPointsAlertVerification" time="19.109"/>
  <system-out/>
  <testcase classname="points_transfer.manToManTransfer" name="amountExceedingBudgetAlertVerification" time="3.406"/>
  <system-out/>
  <testcase classname="points_transfer.manToManTransfer" name="uploadCSVButtonVerification" time="10.006"/>
  <system-out/>
</testsuite> <!-- points_transfer.manToManTransfer -->
