<?xml version="1.0" encoding="UTF-8"?>
<!-- Generated by org.testng.reporters.JUnitReportReporter -->
<testsuite hostname="Neeru" failures="0" tests="9" name="appriciate_flow.N_appriatiate_flow" time="80.875" errors="2" timestamp="2024-04-24T22:03:53 IST" skipped="2">
  <testcase classname="appriciate_flow.N_appriatiate_flow" name="before_Method_Appriciate" time="2.395">
    <error message="unexpected alert open: {Alert text : You can&#039;t select more than 0 users at a time}
  (Session info: MicrosoftEdge=124.0.2478.51): You can&#039;t select more than 0 users at a time
Build info: version: &#039;4.16.0&#039;, revision: &#039;15400459dd*&#039;
System info: os.name: &#039;Windows 11&#039;, os.arch: &#039;amd64&#039;, os.version: &#039;10.0&#039;, java.version: &#039;17.0.10&#039;
Driver info: org.openqa.selenium.edge.EdgeDriver
Command: [e2995428034bc06f2b6d8db1cb069261, get {url=https://development1.advantageclub.co/in/rewards/home}]
Capabilities {acceptInsecureCerts: false, browserName: MicrosoftEdge, browserVersion: 124.0.2478.51, fedcm:accounts: true, ms:edgeOptions: {debuggerAddress: localhost:50971}, msedge: {msedgedriverVersion: 124.0.2478.51 (e23a9b7d0a14..., userDataDir: C:\Users\AC\AppData\Local\T...}, networkConnectionEnabled: false, pageLoadStrategy: normal, platformName: windows, proxy: Proxy(), se:cdp: ws://localhost:50971/devtoo..., se:cdpVersion: 124.0.2478.51, setWindowRect: true, strictFileInteractability: false, timeouts: {implicit: 0, pageLoad: 300000, script: 30000}, unhandledPromptBehavior: dismiss and notify, webauthn:extension:credBlob: true, webauthn:extension:largeBlob: true, webauthn:extension:minPinLength: true, webauthn:extension:prf: true, webauthn:virtualAuthenticators: true}
Session ID: e2995428034bc06f2b6d8db1cb069261" type="org.openqa.selenium.UnhandledAlertException">
      <![CDATA[org.openqa.selenium.UnhandledAlertException: unexpected alert open: {Alert text : You can't select more than 0 users at a time}
  (Session info: MicrosoftEdge=124.0.2478.51): You can't select more than 0 users at a time
Build info: version: '4.16.0', revision: '15400459dd*'
System info: os.name: 'Windows 11', os.arch: 'amd64', os.version: '10.0', java.version: '17.0.10'
Driver info: org.openqa.selenium.edge.EdgeDriver
Command: [e2995428034bc06f2b6d8db1cb069261, get {url=https://development1.advantageclub.co/in/rewards/home}]
Capabilities {acceptInsecureCerts: false, browserName: MicrosoftEdge, browserVersion: 124.0.2478.51, fedcm:accounts: true, ms:edgeOptions: {debuggerAddress: localhost:50971}, msedge: {msedgedriverVersion: 124.0.2478.51 (e23a9b7d0a14..., userDataDir: C:\Users\AC\AppData\Local\T...}, networkConnectionEnabled: false, pageLoadStrategy: normal, platformName: windows, proxy: Proxy(), se:cdp: ws://localhost:50971/devtoo..., se:cdpVersion: 124.0.2478.51, setWindowRect: true, strictFileInteractability: false, timeouts: {implicit: 0, pageLoad: 300000, script: 30000}, unhandledPromptBehavior: dismiss and notify, webauthn:extension:credBlob: true, webauthn:extension:largeBlob: true, webauthn:extension:minPinLength: true, webauthn:extension:prf: true, webauthn:virtualAuthenticators: true}
Session ID: e2995428034bc06f2b6d8db1cb069261
at org.openqa.selenium.remote.codec.w3c.W3CHttpResponseCodec.decode(W3CHttpResponseCodec.java:131)
at org.openqa.selenium.remote.codec.w3c.W3CHttpResponseCodec.decode(W3CHttpResponseCodec.java:52)
at org.openqa.selenium.remote.HttpCommandExecutor.execute(HttpCommandExecutor.java:191)
at org.openqa.selenium.remote.service.DriverCommandExecutor.invokeExecute(DriverCommandExecutor.java:200)
at org.openqa.selenium.remote.service.DriverCommandExecutor.execute(DriverCommandExecutor.java:175)
at org.openqa.selenium.remote.RemoteWebDriver.execute(RemoteWebDriver.java:523)
at org.openqa.selenium.remote.RemoteWebDriver.get(RemoteWebDriver.java:305)
at appriciate_flow.N_appriatiate_flow.before_Method_Appriciate(N_appriatiate_flow.java:72)
at java.base/jdk.internal.reflect.NativeMethodAccessorImpl.invoke0(Native Method)
at java.base/jdk.internal.reflect.NativeMethodAccessorImpl.invoke(NativeMethodAccessorImpl.java:77)
at java.base/jdk.internal.reflect.DelegatingMethodAccessorImpl.invoke(DelegatingMethodAccessorImpl.java:43)
at java.base/java.lang.reflect.Method.invoke(Method.java:568)
at org.testng.internal.invokers.MethodInvocationHelper.invokeMethod(MethodInvocationHelper.java:136)
at org.testng.internal.invokers.MethodInvocationHelper.invokeMethodConsideringTimeout(MethodInvocationHelper.java:65)
at org.testng.internal.invokers.ConfigInvoker.invokeConfigurationMethod(ConfigInvoker.java:381)
at org.testng.internal.invokers.ConfigInvoker.invokeConfigurations(ConfigInvoker.java:319)
at org.testng.internal.invokers.TestInvoker.runConfigMethods(TestInvoker.java:781)
at org.testng.internal.invokers.TestInvoker.invokeMethod(TestInvoker.java:574)
at org.testng.internal.invokers.TestInvoker.invokeTestMethod(TestInvoker.java:219)
at org.testng.internal.invokers.MethodRunner.runInSequence(MethodRunner.java:50)
at org.testng.internal.invokers.TestInvoker$MethodInvocationAgent.invoke(TestInvoker.java:923)
at org.testng.internal.invokers.TestInvoker.invokeTestMethods(TestInvoker.java:192)
at org.testng.internal.invokers.TestMethodWorker.invokeTestMethods(TestMethodWorker.java:146)
at org.testng.internal.invokers.TestMethodWorker.run(TestMethodWorker.java:128)
at java.base/java.util.ArrayList.forEach(ArrayList.java:1511)
at org.testng.TestRunner.privateRun(TestRunner.java:808)
at org.testng.TestRunner.run(TestRunner.java:603)
at org.testng.SuiteRunner.runTest(SuiteRunner.java:429)
at org.testng.SuiteRunner.runSequentially(SuiteRunner.java:423)
at org.testng.SuiteRunner.privateRun(SuiteRunner.java:383)
at org.testng.SuiteRunner.run(SuiteRunner.java:326)
at org.testng.SuiteRunnerWorker.runSuite(SuiteRunnerWorker.java:52)
at org.testng.SuiteRunnerWorker.run(SuiteRunnerWorker.java:95)
at org.testng.TestNG.runSuitesSequentially(TestNG.java:1249)
at org.testng.TestNG.runSuitesLocally(TestNG.java:1169)
at org.testng.TestNG.runSuites(TestNG.java:1092)
at org.testng.TestNG.run(TestNG.java:1060)
at org.testng.remote.AbstractRemoteTestNG.run(AbstractRemoteTestNG.java:115)
at org.testng.remote.RemoteTestNG.initAndRun(RemoteTestNG.java:251)
at org.testng.remote.RemoteTestNG.main(RemoteTestNG.java:77)
]]>
    </error>
  </testcase> <!-- before_Method_Appriciate -->
  <system-out/>
  <testcase classname="appriciate_flow.N_appriatiate_flow" name="AppriateFlowSingle" time="38.834"/>
  <system-out/>
  <testcase classname="appriciate_flow.N_appriatiate_flow" name="SocialFeedIDGet" time="9.566"/>
  <system-out/>
  <testcase classname="appriciate_flow.N_appriatiate_flow" name="LikePositive" time="4.827"/>
  <system-out/>
  <testcase classname="appriciate_flow.N_appriatiate_flow" name="CommentPositiveNegative" time="10.819"/>
  <system-out/>
  <testcase classname="appriciate_flow.N_appriatiate_flow" name="Appriate_emp_mail_Negative" time="11.553"/>
  <system-out/>
  <testcase classname="appriciate_flow.N_appriatiate_flow" name="Appriate_award_Negative" time="2.881">
    <error message="unexpected alert open: {Alert text : You can&#039;t select more than 0 users at a time}
  (Session info: MicrosoftEdge=124.0.2478.51): You can&#039;t select more than 0 users at a time
Build info: version: &#039;4.16.0&#039;, revision: &#039;15400459dd*&#039;
System info: os.name: &#039;Windows 11&#039;, os.arch: &#039;amd64&#039;, os.version: &#039;10.0&#039;, java.version: &#039;17.0.10&#039;
Driver info: org.openqa.selenium.edge.EdgeDriver
Command: [e2995428034bc06f2b6d8db1cb069261, actions {actions=[org.openqa.selenium.interactions.Sequence@67763ebe]}]
Capabilities {acceptInsecureCerts: false, browserName: MicrosoftEdge, browserVersion: 124.0.2478.51, fedcm:accounts: true, ms:edgeOptions: {debuggerAddress: localhost:50971}, msedge: {msedgedriverVersion: 124.0.2478.51 (e23a9b7d0a14..., userDataDir: C:\Users\AC\AppData\Local\T...}, networkConnectionEnabled: false, pageLoadStrategy: normal, platformName: windows, proxy: Proxy(), se:cdp: ws://localhost:50971/devtoo..., se:cdpVersion: 124.0.2478.51, setWindowRect: true, strictFileInteractability: false, timeouts: {implicit: 0, pageLoad: 300000, script: 30000}, unhandledPromptBehavior: dismiss and notify, webauthn:extension:credBlob: true, webauthn:extension:largeBlob: true, webauthn:extension:minPinLength: true, webauthn:extension:prf: true, webauthn:virtualAuthenticators: true}
Session ID: e2995428034bc06f2b6d8db1cb069261" type="org.openqa.selenium.UnhandledAlertException">
      <![CDATA[org.openqa.selenium.UnhandledAlertException: unexpected alert open: {Alert text : You can't select more than 0 users at a time}
  (Session info: MicrosoftEdge=124.0.2478.51): You can't select more than 0 users at a time
Build info: version: '4.16.0', revision: '15400459dd*'
System info: os.name: 'Windows 11', os.arch: 'amd64', os.version: '10.0', java.version: '17.0.10'
Driver info: org.openqa.selenium.edge.EdgeDriver
Command: [e2995428034bc06f2b6d8db1cb069261, actions {actions=[org.openqa.selenium.interactions.Sequence@67763ebe]}]
Capabilities {acceptInsecureCerts: false, browserName: MicrosoftEdge, browserVersion: 124.0.2478.51, fedcm:accounts: true, ms:edgeOptions: {debuggerAddress: localhost:50971}, msedge: {msedgedriverVersion: 124.0.2478.51 (e23a9b7d0a14..., userDataDir: C:\Users\AC\AppData\Local\T...}, networkConnectionEnabled: false, pageLoadStrategy: normal, platformName: windows, proxy: Proxy(), se:cdp: ws://localhost:50971/devtoo..., se:cdpVersion: 124.0.2478.51, setWindowRect: true, strictFileInteractability: false, timeouts: {implicit: 0, pageLoad: 300000, script: 30000}, unhandledPromptBehavior: dismiss and notify, webauthn:extension:credBlob: true, webauthn:extension:largeBlob: true, webauthn:extension:minPinLength: true, webauthn:extension:prf: true, webauthn:virtualAuthenticators: true}
Session ID: e2995428034bc06f2b6d8db1cb069261
at org.openqa.selenium.remote.codec.w3c.W3CHttpResponseCodec.decode(W3CHttpResponseCodec.java:131)
at org.openqa.selenium.remote.codec.w3c.W3CHttpResponseCodec.decode(W3CHttpResponseCodec.java:52)
at org.openqa.selenium.remote.HttpCommandExecutor.execute(HttpCommandExecutor.java:191)
at org.openqa.selenium.remote.service.DriverCommandExecutor.invokeExecute(DriverCommandExecutor.java:200)
at org.openqa.selenium.remote.service.DriverCommandExecutor.execute(DriverCommandExecutor.java:175)
at org.openqa.selenium.remote.RemoteWebDriver.execute(RemoteWebDriver.java:523)
at org.openqa.selenium.remote.RemoteWebDriver.perform(RemoteWebDriver.java:609)
at org.openqa.selenium.interactions.Actions$BuiltAction.perform(Actions.java:598)
at utility_RR.Utility_RR.newui_appriciateEmpSearch(Utility_RR.java:319)
at appriciate_flow.N_appriatiate_flow.Appriate_award_Negative(N_appriatiate_flow.java:414)
at java.base/jdk.internal.reflect.NativeMethodAccessorImpl.invoke0(Native Method)
at java.base/jdk.internal.reflect.NativeMethodAccessorImpl.invoke(NativeMethodAccessorImpl.java:77)
at java.base/jdk.internal.reflect.DelegatingMethodAccessorImpl.invoke(DelegatingMethodAccessorImpl.java:43)
at java.base/java.lang.reflect.Method.invoke(Method.java:568)
at org.testng.internal.invokers.MethodInvocationHelper.invokeMethod(MethodInvocationHelper.java:136)
at org.testng.internal.invokers.TestInvoker.invokeMethod(TestInvoker.java:658)
at org.testng.internal.invokers.TestInvoker.invokeTestMethod(TestInvoker.java:219)
at org.testng.internal.invokers.MethodRunner.runInSequence(MethodRunner.java:50)
at org.testng.internal.invokers.TestInvoker$MethodInvocationAgent.invoke(TestInvoker.java:923)
at org.testng.internal.invokers.TestInvoker.invokeTestMethods(TestInvoker.java:192)
at org.testng.internal.invokers.TestMethodWorker.invokeTestMethods(TestMethodWorker.java:146)
at org.testng.internal.invokers.TestMethodWorker.run(TestMethodWorker.java:128)
at java.base/java.util.ArrayList.forEach(ArrayList.java:1511)
at org.testng.TestRunner.privateRun(TestRunner.java:808)
at org.testng.TestRunner.run(TestRunner.java:603)
at org.testng.SuiteRunner.runTest(SuiteRunner.java:429)
at org.testng.SuiteRunner.runSequentially(SuiteRunner.java:423)
at org.testng.SuiteRunner.privateRun(SuiteRunner.java:383)
at org.testng.SuiteRunner.run(SuiteRunner.java:326)
at org.testng.SuiteRunnerWorker.runSuite(SuiteRunnerWorker.java:52)
at org.testng.SuiteRunnerWorker.run(SuiteRunnerWorker.java:95)
at org.testng.TestNG.runSuitesSequentially(TestNG.java:1249)
at org.testng.TestNG.runSuitesLocally(TestNG.java:1169)
at org.testng.TestNG.runSuites(TestNG.java:1092)
at org.testng.TestNG.run(TestNG.java:1060)
at org.testng.remote.AbstractRemoteTestNG.run(AbstractRemoteTestNG.java:115)
at org.testng.remote.RemoteTestNG.initAndRun(RemoteTestNG.java:251)
at org.testng.remote.RemoteTestNG.main(RemoteTestNG.java:77)
]]>
    </error>
  </testcase> <!-- Appriate_award_Negative -->
  <system-out/>
  <testcase classname="appriciate_flow.N_appriatiate_flow" name="Appriate_Custom_msg_Negative" time="0.000">
    <skipped/>
  </testcase> <!-- Appriate_Custom_msg_Negative -->
  <system-out/>
  <testcase classname="appriciate_flow.N_appriatiate_flow" name="Appriated_List_Test">
    <skipped/>
  </testcase> <!-- Appriated_List_Test -->
  <system-out/>
</testsuite> <!-- appriciate_flow.N_appriatiate_flow -->
