<?xml version="1.0" encoding="UTF-8"?>
<!-- Generated by org.testng.reporters.JUnitReportReporter -->
<testsuite hostname="Neeru" failures="0" tests="3" name="points_transfer.adminTransfer" time="28.144" errors="0" timestamp="2024-05-31T12:07:57 IST" skipped="0">
  <testcase classname="points_transfer.adminTransfer" name="noPointsEnteredAlertVerification" time="9.226"/>
  <system-out/>
  <testcase classname="points_transfer.adminTransfer" name="zeroPointsAlertVerification" time="9.751"/>
  <system-out/>
  <testcase classname="points_transfer.adminTransfer" name="amountExceedingBudgetAlertVerification" time="9.167"/>
  <system-out/>
</testsuite> <!-- points_transfer.adminTransfer -->
