<?xml version="1.0" encoding="UTF-8"?>
<!-- Generated by org.testng.reporters.JUnitReportReporter -->
<testsuite hostname="Neeru" failures="0" tests="2" name="uiTesting.UiTesting" time="483.725" errors="0" timestamp="2024-04-24T18:54:48 IST" skipped="0">
  <testcase classname="uiTesting.UiTesting" name="Ui_Testing_Expected" time="228.768"/>
  <system-out/>
  <testcase classname="uiTesting.UiTesting" name="Ui_Testing_actual" time="254.957"/>
  <system-out>
    <![CDATA[<font color="red">Difference in Screenshot, Please check the mentioned image : excel\UiTesting\actualImage\pages_rewards_home.png</font>
<font color="green">Images are identical : excel\UiTesting\baseImage\pages_my_profile.png</font>
<font color="green">Images are identical : excel\UiTesting\baseImage\pages_nominate_for_award.png</font>
<font color="green">Images are identical : excel\UiTesting\baseImage\pages_nomination-status.png</font>
<font color="green">Images are identical : excel\UiTesting\baseImage\pages_pending_approvals.png</font>
<font color="green">Images are identical : excel\UiTesting\baseImage\pages_give_award.png</font>
<font color="green">Images are identical : excel\UiTesting\baseImage\pages_bulk_csv_upload.png</font>
<font color="green">Images are identical : excel\UiTesting\baseImage\pages_manager_to_manager_transfer.png</font>
<font color="green">Images are identical : excel\UiTesting\baseImage\pages_awards_given.png</font>
<font color="red">Difference in Screenshot, Please check the mentioned image : excel\UiTesting\actualImage\pages_my_awards.png</font>
<font color="green">Images are identical : excel\UiTesting\baseImage\pages_gift_to_colleague.png</font>
<font color="green">Images are identical : excel\UiTesting\baseImage\pages_award_reverts_new.png</font>
<font color="green">Images are identical : excel\UiTesting\baseImage\pages_appreciate.png</font>
<font color="green">Images are identical : excel\UiTesting\baseImage\pages_appreciated_list.png</font>
<font color="green">Images are identical : excel\UiTesting\baseImage\pages_my_nonmonetary_awards.png</font>
<font color="green">Images are identical : excel\UiTesting\baseImage\pages_users_budget.png</font>
<font color="green">Images are identical : excel\UiTesting\baseImage\pages_hall_of_fame.png</font>
<font color="green">Images are identical : excel\UiTesting\baseImage\pages_notifications.png</font>
<font color="red">Difference in Screenshot, Please check the mentioned image : excel\UiTesting\actualImage\pages_sections.png</font>
<font color="green">Images are identical : excel\UiTesting\baseImage\pages_my_vouchers.png</font>
<font color="green">Images are identical : excel\UiTesting\baseImage\rewards_announcement_list.png</font>
<font color="green">Images are identical : excel\UiTesting\baseImage\pages_lookup.png</font>
<font color="green">Images are identical : excel\UiTesting\baseImage\pages_upcoming_birthdays_anniversaries.png</font>
<font color="red">Difference in Screenshot, Please check the mentioned image : excel\UiTesting\actualImage\pages_poll.png</font>
<font color="green">Images are identical : excel\UiTesting\baseImage\pages_create_poll.png</font>
<font color="green">Images are identical : excel\UiTesting\baseImage\pages_poll_analytic.png</font>
<font color="green">Images are identical : excel\UiTesting\baseImage\nonmonetary_award_users_custom_wish.png</font>
<font color="green">Images are identical : excel\UiTesting\baseImage\new_reports_dashboard.png</font>
<font color="green">Images are identical : excel\UiTesting\baseImage\new_reports_recoginition_received_report.png</font>
<font color="green">Images are identical : excel\UiTesting\baseImage\new_reports_appreciation_received_report.png</font>
<font color="green">Images are identical : excel\UiTesting\baseImage\new_reports_reedemption_report.png</font>
<font color="green">Images are identical : excel\UiTesting\baseImage\new_reports_pending_nomination_report.png</font>
<font color="green">Images are identical : excel\UiTesting\baseImage\new_reports_rejected_nomination_report.png</font>
<font color="green">Images are identical : excel\UiTesting\baseImage\new_reports_user_reports.png</font>
<font color="green">Images are identical : excel\UiTesting\baseImage\new_reports_login_report.png</font>
<font color="green">Images are identical : excel\UiTesting\baseImage\new_reports_stored_value_report.png</font>
<font color="green">Images are identical : excel\UiTesting\baseImage\pages_hobby_clubs.png</font>
<font color="green">Images are identical : excel\UiTesting\baseImage\pages_ac_coins_home.png</font>
<font color="red">Difference in Screenshot, Please check the mentioned image : excel\UiTesting\actualImage\monetary_awards.png</font>
<font color="green">Images are identical : excel\UiTesting\baseImage\pages_contact_us_new.png</font>
<font color="green">Images are identical : excel\UiTesting\baseImage\pages_my_wallet.png</font>
<font color="green">Images are identical : excel\UiTesting\baseImage\pages_add_gift_card.png</font>
<font color="red">Difference in Screenshot, Please check the mentioned image : excel\UiTesting\actualImage\pages_add_member.png</font>
<font color="green">Images are identical : excel\UiTesting\baseImage\pages_add_wallet_points.png</font>
<font color="green">Images are identical : excel\UiTesting\baseImage\pages_your_favourites.png</font>
<font color="green">Images are identical : excel\UiTesting\baseImage\pages_i_want.png</font>
<font color="green">Images are identical : excel\UiTesting\baseImage\pages_upload_award_file.png</font>
<font color="green">Images are identical : excel\UiTesting\baseImage\pages_inter_manager_budget_transfer.png</font>
<font color="green">Images are identical : excel\UiTesting\baseImage\pages_manager_budget_transfer_new.png</font>
<font color="green">Images are identical : excel\UiTesting\baseImage\new_reports_peer_to_peer_transfer_report.png</font>
<font color="green">Images are identical : excel\UiTesting\baseImage\pages_my_uploaded_transfer_files.png</font>
<font color="green">Images are identical : excel\UiTesting\baseImage\new_reports_manager2manager_transfer_report.png</font>
<font color="green">Images are identical : excel\UiTesting\baseImage\new_reports_credit_transfer_report.png</font>
<font color="green">Images are identical : excel\UiTesting\baseImage\new_reports_login_session_report.png</font>
<font color="green">Images are identical : excel\UiTesting\baseImage\new_reports_budget_utilization_report.png</font>]]>
  </system-out>
</testsuite> <!-- uiTesting.UiTesting -->
