<?xml version="1.0" encoding="UTF-8"?>
<!-- Generated by org.testng.reporters.JUnitReportReporter -->
<testsuite hostname="Neeru" failures="0" tests="4" name="my_profile.add_wallet_points" time="28.659" errors="0" timestamp="2024-05-31T12:05:19 IST" skipped="0">
  <testcase classname="my_profile.add_wallet_points" name="verify_hardcoded_amount_available" time="2.908"/>
  <system-out/>
  <testcase classname="my_profile.add_wallet_points" name="wallet_balance_verification" time="4.722"/>
  <system-out/>
  <testcase classname="my_profile.add_wallet_points" name="error_amount_verification" time="9.380"/>
  <system-out>
    <![CDATA[amount blank verifed
amount 1 verifed
amount 30000 verifed]]>
  </system-out>
  <testcase classname="my_profile.add_wallet_points" name="error_rajorpay_verification" time="11.649"/>
  <system-out/>
</testsuite> <!-- my_profile.add_wallet_points -->
