<?xml version="1.0" encoding="UTF-8"?>
<!-- Generated by org.testng.reporters.JUnitReportReporter -->
<testsuite hostname="Neeru" failures="0" tests="3" name="Afni_testing.GenericNominationTest1" time="31.481" errors="0" timestamp="2024-06-06T12:05:17 IST" skipped="0">
  <testcase classname="Afni_testing.GenericNominationTest1" name="nominateForAward" time="27.862"/>
  <system-out/>
  <testcase classname="Afni_testing.GenericNominationTest1" name="storedValuePoints" time="3.600"/>
  <system-out/>
  <testcase classname="Afni_testing.GenericNominationTest1" name="submitWithoutAmount1" time="0.019"/>
  <system-out/>
</testsuite> <!-- Afni_testing.GenericNominationTest1 -->
