<?xml version="1.0" encoding="UTF-8"?>
<!-- Generated by org.testng.reporters.JUnitReportReporter -->
<testsuite hostname="Neeru" failures="0" tests="2" name="my_profile.my_wallets2" time="13.820" errors="0" timestamp="2024-04-24T22:08:29 IST" skipped="0">
  <testcase classname="my_profile.my_wallets2" name="wallet_count" time="7.265"/>
  <system-out>
    <![CDATA[<font color="green">Count verified: 28</font>]]>
  </system-out>
  <testcase classname="my_profile.my_wallets2" name="entires_count" time="6.555"/>
  <system-out>
    <![CDATA[<font color="green">Wallet transactions getting populated correctly</font>]]>
  </system-out>
</testsuite> <!-- my_profile.my_wallets2 -->
