<?xml version="1.0" encoding="UTF-8"?>
<!-- Generated by org.testng.reporters.JUnitReportReporter -->
<testsuite hostname="Neeru" failures="0" tests="6" name="report_section.NewUI_user_report" time="13.260" errors="0" timestamp="2024-06-17T00:19:12 IST" skipped="0">
  <testcase classname="report_section.NewUI_user_report" name="report_name_verification" time="2.251"/>
  <system-out/>
  <testcase classname="report_section.NewUI_user_report" name="filter_present_verification" time="1.999"/>
  <system-out>
    <![CDATA[<font color="green">No need to test because filter functionality not available for this report </font>]]>
  </system-out>
  <testcase classname="report_section.NewUI_user_report" name="clear_button_presnece_verification" time="1.528"/>
  <system-out>
    <![CDATA[<font color="green">No need to test because clear functionality not available for this report </font>]]>
  </system-out>
  <testcase classname="report_section.NewUI_user_report" name="download_button_presnece_verification" time="2.189"/>
  <system-out>
    <![CDATA[<font color="green">Download button is available </font>]]>
  </system-out>
  <testcase classname="report_section.NewUI_user_report" name="pagination_presence_verification" time="1.472"/>
  <system-out>
    <![CDATA[<font color="green">pagination is available </font>]]>
  </system-out>
  <testcase classname="report_section.NewUI_user_report" name="report_rowcount_verification" time="3.821"/>
  <system-out>
    <![CDATA[<font color="green">BackEnd rows are visible in report and count is : 30</font>
<font color="green">Frontend rows are visible in report and count is : 30</font>]]>
  </system-out>
</testsuite> <!-- report_section.NewUI_user_report -->
