<?xml version="1.0" encoding="UTF-8"?>
<!-- Generated by org.testng.reporters.JUnitReportReporter -->
<testsuite hostname="Neeru" failures="0" tests="8" name="appriciate_flow.N_appriatiate_flow" time="76.856" errors="0" timestamp="2024-05-16T16:18:47 IST" skipped="1">
  <testcase classname="appriciate_flow.N_appriatiate_flow" name="AppriateFlowSingle" time="15.833"/>
  <system-out/>
  <testcase classname="appriciate_flow.N_appriatiate_flow" name="SocialFeedIDGet" time="12.672"/>
  <system-out/>
  <testcase classname="appriciate_flow.N_appriatiate_flow" name="LikePositive" time="4.378"/>
  <system-out/>
  <testcase classname="appriciate_flow.N_appriatiate_flow" name="CommentPositiveNegative" time="12.571"/>
  <system-out/>
  <testcase classname="appriciate_flow.N_appriatiate_flow" name="Appriate_emp_mail_Negative" time="14.311"/>
  <system-out/>
  <testcase classname="appriciate_flow.N_appriatiate_flow" name="Appriate_award_Negative" time="7.261"/>
  <system-out/>
  <testcase classname="appriciate_flow.N_appriatiate_flow" name="Appriate_Custom_msg_Negative" time="9.830"/>
  <system-out>
    <![CDATA[No need to test negative case]]>
  </system-out>
  <testcase classname="appriciate_flow.N_appriatiate_flow" name="Appriated_List_Test">
    <skipped/>
  </testcase> <!-- Appriated_List_Test -->
  <system-out/>
</testsuite> <!-- appriciate_flow.N_appriatiate_flow -->
