<?xml version="1.0" encoding="UTF-8"?>
<!-- Generated by org.testng.reporters.JUnitReportReporter -->
<testsuite hostname="Neeru" failures="0" tests="3" name="my_profile.my_favourites" time="10128.273" errors="1" timestamp="2024-05-13T18:18:56 IST" skipped="0">
  <testcase classname="my_profile.my_favourites" name="check_favourites" time="2.825"/>
  <system-out/>
  <testcase classname="my_profile.my_favourites" name="add_favourites" time="17.142"/>
  <system-out/>
  <testcase classname="my_profile.my_favourites" name="remove_favourites" time="10108.306">
    <error message="java.util.concurrent.TimeoutException
Build info: version: &#039;4.17.0&#039;, revision: &#039;e52b1be057*&#039;
System info: os.name: &#039;Windows 11&#039;, os.arch: &#039;amd64&#039;, os.version: &#039;10.0&#039;, java.version: &#039;17.0.10&#039;
Driver info: org.openqa.selenium.edge.EdgeDriver
Command: [bcc707f1c5130af0c0eb63dbb536f890, get {url=https://development1.advantageclub.co/in/pages/your_favourites}]
Capabilities {acceptInsecureCerts: false, browserName: MicrosoftEdge, browserVersion: 124.0.2478.80, fedcm:accounts: true, ms:edgeOptions: {debuggerAddress: localhost:57938}, msedge: {msedgedriverVersion: 124.0.2478.97 (cfa68c26d43d..., userDataDir: C:\Users\AC\AppData\Local\T...}, networkConnectionEnabled: false, pageLoadStrategy: normal, platformName: windows, proxy: Proxy(), se:cdp: ws://localhost:57938/devtoo..., se:cdpVersion: 124.0.2478.80, setWindowRect: true, strictFileInteractability: false, timeouts: {implicit: 0, pageLoad: 300000, script: 30000}, unhandledPromptBehavior: dismiss and notify, webauthn:extension:credBlob: true, webauthn:extension:largeBlob: true, webauthn:extension:minPinLength: true, webauthn:extension:prf: true, webauthn:virtualAuthenticators: true}
Session ID: bcc707f1c5130af0c0eb63dbb536f890" type="org.openqa.selenium.TimeoutException">
      <![CDATA[org.openqa.selenium.TimeoutException: java.util.concurrent.TimeoutException
Build info: version: '4.17.0', revision: 'e52b1be057*'
System info: os.name: 'Windows 11', os.arch: 'amd64', os.version: '10.0', java.version: '17.0.10'
Driver info: org.openqa.selenium.edge.EdgeDriver
Command: [bcc707f1c5130af0c0eb63dbb536f890, get {url=https://development1.advantageclub.co/in/pages/your_favourites}]
Capabilities {acceptInsecureCerts: false, browserName: MicrosoftEdge, browserVersion: 124.0.2478.80, fedcm:accounts: true, ms:edgeOptions: {debuggerAddress: localhost:57938}, msedge: {msedgedriverVersion: 124.0.2478.97 (cfa68c26d43d..., userDataDir: C:\Users\AC\AppData\Local\T...}, networkConnectionEnabled: false, pageLoadStrategy: normal, platformName: windows, proxy: Proxy(), se:cdp: ws://localhost:57938/devtoo..., se:cdpVersion: 124.0.2478.80, setWindowRect: true, strictFileInteractability: false, timeouts: {implicit: 0, pageLoad: 300000, script: 30000}, unhandledPromptBehavior: dismiss and notify, webauthn:extension:credBlob: true, webauthn:extension:largeBlob: true, webauthn:extension:minPinLength: true, webauthn:extension:prf: true, webauthn:virtualAuthenticators: true}
Session ID: bcc707f1c5130af0c0eb63dbb536f890
at org.openqa.selenium.remote.http.jdk.JdkHttpClient.execute0(JdkHttpClient.java:402)
at org.openqa.selenium.remote.http.AddSeleniumUserAgent.lambda$apply$0(AddSeleniumUserAgent.java:42)
at org.openqa.selenium.remote.http.Filter.lambda$andFinally$1(Filter.java:55)
at org.openqa.selenium.remote.http.jdk.JdkHttpClient.execute(JdkHttpClient.java:358)
at org.openqa.selenium.remote.HttpCommandExecutor.execute(HttpCommandExecutor.java:187)
at org.openqa.selenium.remote.service.DriverCommandExecutor.invokeExecute(DriverCommandExecutor.java:216)
at org.openqa.selenium.remote.service.DriverCommandExecutor.execute(DriverCommandExecutor.java:174)
at org.openqa.selenium.remote.RemoteWebDriver.execute(RemoteWebDriver.java:519)
at org.openqa.selenium.remote.RemoteWebDriver.get(RemoteWebDriver.java:301)
at my_profile.my_favourites.remove_favourites(my_favourites.java:163)
at my_profile.my_favourites.remove_favourites(my_favourites.java:171)
at my_profile.my_favourites.remove_favourites(my_favourites.java:171)
at my_profile.my_favourites.remove_favourites(my_favourites.java:171)
at my_profile.my_favourites.remove_favourites(my_favourites.java:171)
at my_profile.my_favourites.remove_favourites(my_favourites.java:171)
at my_profile.my_favourites.remove_favourites(my_favourites.java:171)
at my_profile.my_favourites.remove_favourites(my_favourites.java:171)
at my_profile.my_favourites.remove_favourites(my_favourites.java:171)
at my_profile.my_favourites.remove_favourites(my_favourites.java:171)
at my_profile.my_favourites.remove_favourites(my_favourites.java:171)
at my_profile.my_favourites.remove_favourites(my_favourites.java:171)
at my_profile.my_favourites.remove_favourites(my_favourites.java:171)
at my_profile.my_favourites.remove_favourites(my_favourites.java:171)
at my_profile.my_favourites.remove_favourites(my_favourites.java:171)
at my_profile.my_favourites.remove_favourites(my_favourites.java:171)
at my_profile.my_favourites.remove_favourites(my_favourites.java:171)
at my_profile.my_favourites.remove_favourites(my_favourites.java:171)
at my_profile.my_favourites.remove_favourites(my_favourites.java:171)
at my_profile.my_favourites.remove_favourites(my_favourites.java:171)
at my_profile.my_favourites.remove_favourites(my_favourites.java:171)
at my_profile.my_favourites.remove_favourites(my_favourites.java:171)
at my_profile.my_favourites.remove_favourites(my_favourites.java:171)
at my_profile.my_favourites.remove_favourites(my_favourites.java:171)
at my_profile.my_favourites.remove_favourites(my_favourites.java:171)
at my_profile.my_favourites.remove_favourites(my_favourites.java:171)
at my_profile.my_favourites.remove_favourites(my_favourites.java:171)
at my_profile.my_favourites.remove_favourites(my_favourites.java:171)
at my_profile.my_favourites.remove_favourites(my_favourites.java:171)
at my_profile.my_favourites.remove_favourites(my_favourites.java:171)
at my_profile.my_favourites.remove_favourites(my_favourites.java:171)
at my_profile.my_favourites.remove_favourites(my_favourites.java:171)
at my_profile.my_favourites.remove_favourites(my_favourites.java:171)
at my_profile.my_favourites.remove_favourites(my_favourites.java:171)
at my_profile.my_favourites.remove_favourites(my_favourites.java:171)
at my_profile.my_favourites.remove_favourites(my_favourites.java:171)
at my_profile.my_favourites.remove_favourites(my_favourites.java:171)
at my_profile.my_favourites.remove_favourites(my_favourites.java:171)
at my_profile.my_favourites.remove_favourites(my_favourites.java:171)
at my_profile.my_favourites.remove_favourites(my_favourites.java:171)
at my_profile.my_favourites.remove_favourites(my_favourites.java:171)
at my_profile.my_favourites.remove_favourites(my_favourites.java:171)
at my_profile.my_favourites.remove_favourites(my_favourites.java:171)
at my_profile.my_favourites.remove_favourites(my_favourites.java:171)
at my_profile.my_favourites.remove_favourites(my_favourites.java:171)
at my_profile.my_favourites.remove_favourites(my_favourites.java:171)
at my_profile.my_favourites.remove_favourites(my_favourites.java:171)
at my_profile.my_favourites.remove_favourites(my_favourites.java:171)
at my_profile.my_favourites.remove_favourites(my_favourites.java:171)
at my_profile.my_favourites.remove_favourites(my_favourites.java:171)
at my_profile.my_favourites.remove_favourites(my_favourites.java:171)
at my_profile.my_favourites.remove_favourites(my_favourites.java:171)
at my_profile.my_favourites.remove_favourites(my_favourites.java:171)
at my_profile.my_favourites.remove_favourites(my_favourites.java:171)
at my_profile.my_favourites.remove_favourites(my_favourites.java:171)
at my_profile.my_favourites.remove_favourites(my_favourites.java:171)
at my_profile.my_favourites.remove_favourites(my_favourites.java:171)
at my_profile.my_favourites.remove_favourites(my_favourites.java:171)
at my_profile.my_favourites.remove_favourites(my_favourites.java:171)
at my_profile.my_favourites.remove_favourites(my_favourites.java:171)
at my_profile.my_favourites.remove_favourites(my_favourites.java:171)
at my_profile.my_favourites.remove_favourites(my_favourites.java:171)
at my_profile.my_favourites.remove_favourites(my_favourites.java:171)
at my_profile.my_favourites.remove_favourites(my_favourites.java:171)
at my_profile.my_favourites.remove_favourites(my_favourites.java:171)
at my_profile.my_favourites.remove_favourites(my_favourites.java:171)
at my_profile.my_favourites.remove_favourites(my_favourites.java:171)
at my_profile.my_favourites.remove_favourites(my_favourites.java:171)
at my_profile.my_favourites.remove_favourites(my_favourites.java:171)
at my_profile.my_favourites.remove_favourites(my_favourites.java:171)
at my_profile.my_favourites.remove_favourites(my_favourites.java:171)
at my_profile.my_favourites.remove_favourites(my_favourites.java:171)
at my_profile.my_favourites.remove_favourites(my_favourites.java:171)
at my_profile.my_favourites.remove_favourites(my_favourites.java:171)
at my_profile.my_favourites.remove_favourites(my_favourites.java:171)
at my_profile.my_favourites.remove_favourites(my_favourites.java:171)
at my_profile.my_favourites.remove_favourites(my_favourites.java:171)
at my_profile.my_favourites.remove_favourites(my_favourites.java:171)
at my_profile.my_favourites.remove_favourites(my_favourites.java:171)
at my_profile.my_favourites.remove_favourites(my_favourites.java:171)
at my_profile.my_favourites.remove_favourites(my_favourites.java:171)
at my_profile.my_favourites.remove_favourites(my_favourites.java:171)
at my_profile.my_favourites.remove_favourites(my_favourites.java:171)
at my_profile.my_favourites.remove_favourites(my_favourites.java:171)
at my_profile.my_favourites.remove_favourites(my_favourites.java:171)
at my_profile.my_favourites.remove_favourites(my_favourites.java:171)
at my_profile.my_favourites.remove_favourites(my_favourites.java:171)
at my_profile.my_favourites.remove_favourites(my_favourites.java:171)
at my_profile.my_favourites.remove_favourites(my_favourites.java:171)
at my_profile.my_favourites.remove_favourites(my_favourites.java:171)
at my_profile.my_favourites.remove_favourites(my_favourites.java:171)
at my_profile.my_favourites.remove_favourites(my_favourites.java:171)
at my_profile.my_favourites.remove_favourites(my_favourites.java:171)
at my_profile.my_favourites.remove_favourites(my_favourites.java:171)
at my_profile.my_favourites.remove_favourites(my_favourites.java:171)
at my_profile.my_favourites.remove_favourites(my_favourites.java:171)
at my_profile.my_favourites.remove_favourites(my_favourites.java:171)
at my_profile.my_favourites.remove_favourites(my_favourites.java:171)
at my_profile.my_favourites.remove_favourites(my_favourites.java:171)
at my_profile.my_favourites.remove_favourites(my_favourites.java:171)
at my_profile.my_favourites.remove_favourites(my_favourites.java:171)
at my_profile.my_favourites.remove_favourites(my_favourites.java:171)
at my_profile.my_favourites.remove_favourites(my_favourites.java:171)
at my_profile.my_favourites.remove_favourites(my_favourites.java:171)
at my_profile.my_favourites.remove_favourites(my_favourites.java:171)
at my_profile.my_favourites.remove_favourites(my_favourites.java:171)
at my_profile.my_favourites.remove_favourites(my_favourites.java:171)
at my_profile.my_favourites.remove_favourites(my_favourites.java:171)
at my_profile.my_favourites.remove_favourites(my_favourites.java:171)
at my_profile.my_favourites.remove_favourites(my_favourites.java:171)
at my_profile.my_favourites.remove_favourites(my_favourites.java:171)
at my_profile.my_favourites.remove_favourites(my_favourites.java:171)
at my_profile.my_favourites.remove_favourites(my_favourites.java:171)
at my_profile.my_favourites.remove_favourites(my_favourites.java:171)
at my_profile.my_favourites.remove_favourites(my_favourites.java:171)
at my_profile.my_favourites.remove_favourites(my_favourites.java:171)
at my_profile.my_favourites.remove_favourites(my_favourites.java:171)
at my_profile.my_favourites.remove_favourites(my_favourites.java:171)
at my_profile.my_favourites.remove_favourites(my_favourites.java:171)
at my_profile.my_favourites.remove_favourites(my_favourites.java:171)
at my_profile.my_favourites.remove_favourites(my_favourites.java:171)
at my_profile.my_favourites.remove_favourites(my_favourites.java:171)
at my_profile.my_favourites.remove_favourites(my_favourites.java:171)
at my_profile.my_favourites.remove_favourites(my_favourites.java:171)
at my_profile.my_favourites.remove_favourites(my_favourites.java:171)
at my_profile.my_favourites.remove_favourites(my_favourites.java:171)
at my_profile.my_favourites.remove_favourites(my_favourites.java:171)
at my_profile.my_favourites.remove_favourites(my_favourites.java:171)
at my_profile.my_favourites.remove_favourites(my_favourites.java:171)
at my_profile.my_favourites.remove_favourites(my_favourites.java:171)
at my_profile.my_favourites.remove_favourites(my_favourites.java:171)
at my_profile.my_favourites.remove_favourites(my_favourites.java:171)
at my_profile.my_favourites.remove_favourites(my_favourites.java:171)
at my_profile.my_favourites.remove_favourites(my_favourites.java:171)
at my_profile.my_favourites.remove_favourites(my_favourites.java:171)
at my_profile.my_favourites.remove_favourites(my_favourites.java:171)
at my_profile.my_favourites.remove_favourites(my_favourites.java:171)
at my_profile.my_favourites.remove_favourites(my_favourites.java:171)
at my_profile.my_favourites.remove_favourites(my_favourites.java:171)
at my_profile.my_favourites.remove_favourites(my_favourites.java:171)
at my_profile.my_favourites.remove_favourites(my_favourites.java:171)
at my_profile.my_favourites.remove_favourites(my_favourites.java:171)
at my_profile.my_favourites.remove_favourites(my_favourites.java:171)
at my_profile.my_favourites.remove_favourites(my_favourites.java:171)
at my_profile.my_favourites.remove_favourites(my_favourites.java:171)
at my_profile.my_favourites.remove_favourites(my_favourites.java:171)
at my_profile.my_favourites.remove_favourites(my_favourites.java:171)
at my_profile.my_favourites.remove_favourites(my_favourites.java:171)
at my_profile.my_favourites.remove_favourites(my_favourites.java:171)
at my_profile.my_favourites.remove_favourites(my_favourites.java:171)
at my_profile.my_favourites.remove_favourites(my_favourites.java:171)
at my_profile.my_favourites.remove_favourites(my_favourites.java:171)
at my_profile.my_favourites.remove_favourites(my_favourites.java:171)
at my_profile.my_favourites.remove_favourites(my_favourites.java:171)
at my_profile.my_favourites.remove_favourites(my_favourites.java:171)
at my_profile.my_favourites.remove_favourites(my_favourites.java:171)
at my_profile.my_favourites.remove_favourites(my_favourites.java:171)
at my_profile.my_favourites.remove_favourites(my_favourites.java:171)
at my_profile.my_favourites.remove_favourites(my_favourites.java:171)
at my_profile.my_favourites.remove_favourites(my_favourites.java:171)
at my_profile.my_favourites.remove_favourites(my_favourites.java:171)
at my_profile.my_favourites.remove_favourites(my_favourites.java:171)
at my_profile.my_favourites.remove_favourites(my_favourites.java:171)
at my_profile.my_favourites.remove_favourites(my_favourites.java:171)
at my_profile.my_favourites.remove_favourites(my_favourites.java:171)
at my_profile.my_favourites.remove_favourites(my_favourites.java:171)
at my_profile.my_favourites.remove_favourites(my_favourites.java:171)
at my_profile.my_favourites.remove_favourites(my_favourites.java:171)
at my_profile.my_favourites.remove_favourites(my_favourites.java:171)
at my_profile.my_favourites.remove_favourites(my_favourites.java:171)
at my_profile.my_favourites.remove_favourites(my_favourites.java:171)
at my_profile.my_favourites.remove_favourites(my_favourites.java:171)
at my_profile.my_favourites.remove_favourites(my_favourites.java:171)
at my_profile.my_favourites.remove_favourites(my_favourites.java:171)
at my_profile.my_favourites.remove_favourites(my_favourites.java:171)
at my_profile.my_favourites.remove_favourites(my_favourites.java:171)
at my_profile.my_favourites.remove_favourites(my_favourites.java:171)
at my_profile.my_favourites.remove_favourites(my_favourites.java:171)
at my_profile.my_favourites.remove_favourites(my_favourites.java:171)
at my_profile.my_favourites.remove_favourites(my_favourites.java:171)
at my_profile.my_favourites.remove_favourites(my_favourites.java:171)
at my_profile.my_favourites.remove_favourites(my_favourites.java:171)
at my_profile.my_favourites.remove_favourites(my_favourites.java:171)
at my_profile.my_favourites.remove_favourites(my_favourites.java:171)
at my_profile.my_favourites.remove_favourites(my_favourites.java:171)
at my_profile.my_favourites.remove_favourites(my_favourites.java:171)
at my_profile.my_favourites.remove_favourites(my_favourites.java:171)
at my_profile.my_favourites.remove_favourites(my_favourites.java:171)
at my_profile.my_favourites.remove_favourites(my_favourites.java:171)
at my_profile.my_favourites.remove_favourites(my_favourites.java:171)
at my_profile.my_favourites.remove_favourites(my_favourites.java:171)
at my_profile.my_favourites.remove_favourites(my_favourites.java:171)
at my_profile.my_favourites.remove_favourites(my_favourites.java:171)
at my_profile.my_favourites.remove_favourites(my_favourites.java:171)
at java.base/jdk.internal.reflect.NativeMethodAccessorImpl.invoke0(Native Method)
at java.base/jdk.internal.reflect.NativeMethodAccessorImpl.invoke(NativeMethodAccessorImpl.java:77)
at java.base/jdk.internal.reflect.DelegatingMethodAccessorImpl.invoke(DelegatingMethodAccessorImpl.java:43)
at java.base/java.lang.reflect.Method.invoke(Method.java:568)
at org.testng.internal.invokers.MethodInvocationHelper.invokeMethod(MethodInvocationHelper.java:136)
at org.testng.internal.invokers.TestInvoker.invokeMethod(TestInvoker.java:658)
at org.testng.internal.invokers.TestInvoker.invokeTestMethod(TestInvoker.java:219)
at org.testng.internal.invokers.MethodRunner.runInSequence(MethodRunner.java:50)
at org.testng.internal.invokers.TestInvoker$MethodInvocationAgent.invoke(TestInvoker.java:923)
at org.testng.internal.invokers.TestInvoker.invokeTestMethods(TestInvoker.java:192)
at org.testng.internal.invokers.TestMethodWorker.invokeTestMethods(TestMethodWorker.java:146)
at org.testng.internal.invokers.TestMethodWorker.run(TestMethodWorker.java:128)
at java.base/java.util.ArrayList.forEach(ArrayList.java:1511)
at org.testng.TestRunner.privateRun(TestRunner.java:808)
at org.testng.TestRunner.run(TestRunner.java:603)
at org.testng.SuiteRunner.runTest(SuiteRunner.java:429)
at org.testng.SuiteRunner.runSequentially(SuiteRunner.java:423)
at org.testng.SuiteRunner.privateRun(SuiteRunner.java:383)
at org.testng.SuiteRunner.run(SuiteRunner.java:326)
at org.testng.SuiteRunnerWorker.runSuite(SuiteRunnerWorker.java:52)
at org.testng.SuiteRunnerWorker.run(SuiteRunnerWorker.java:95)
at org.testng.TestNG.runSuitesSequentially(TestNG.java:1249)
at org.testng.TestNG.runSuitesLocally(TestNG.java:1169)
at org.testng.TestNG.runSuites(TestNG.java:1092)
at org.testng.TestNG.run(TestNG.java:1060)
at org.testng.remote.AbstractRemoteTestNG.run(AbstractRemoteTestNG.java:115)
at org.testng.remote.RemoteTestNG.initAndRun(RemoteTestNG.java:251)
at org.testng.remote.RemoteTestNG.main(RemoteTestNG.java:77)
Caused by: java.util.concurrent.TimeoutException
at java.base/java.util.concurrent.CompletableFuture.timedGet(CompletableFuture.java:1960)
at java.base/java.util.concurrent.CompletableFuture.get(CompletableFuture.java:2095)
at org.openqa.selenium.remote.http.jdk.JdkHttpClient.execute0(JdkHttpClient.java:385)
... 230 more
]]>
    </error>
  </testcase> <!-- remove_favourites -->
  <system-out/>
</testsuite> <!-- my_profile.my_favourites -->
