<?xml version="1.0" encoding="UTF-8"?>
<!-- Generated by org.testng.reporters.JUnitReportReporter -->
<testsuite hostname="Neeru" failures="0" tests="2" name="Afni_testing.budgetApproverFlow" time="15.781" errors="0" timestamp="2024-05-31T15:35:44 IST" skipped="0">
  <testcase classname="Afni_testing.budgetApproverFlow" name="budgetApprover" time="5.249"/>
  <system-out/>
  <testcase classname="Afni_testing.budgetApproverFlow" name="uploadedFileCheck" time="10.532"/>
  <system-out>
    <![CDATA[<font color="red">Uploaded File URL does not match expected URL.</font>]]>
  </system-out>
</testsuite> <!-- Afni_testing.budgetApproverFlow -->
