<?xml version="1.0" encoding="UTF-8"?>
<!-- Generated by org.testng.reporters.JUnitReportReporter -->
<testsuite hostname="Neeru" failures="0" tests="1" name="nominationFlow.Nomination_flow" time="93.446" errors="0" timestamp="2024-04-25T10:28:32 IST" skipped="0">
  <testcase classname="nominationFlow.Nomination_flow" name="nominateSessionCreation" time="93.446"/>
  <system-out/>
</testsuite> <!-- nominationFlow.Nomination_flow -->
