<?xml version="1.0" encoding="UTF-8"?>
<!-- Generated by org.testng.reporters.JUnitReportReporter -->
<testsuite hostname="Dheeraj" failures="0" tests="8" name="appriciate_flow.appriatiate_flow" time="87.898" errors="0" timestamp="2023-09-04T17:00:01 IST" skipped="0">
  <testcase classname="appriciate_flow.appriatiate_flow" name="AppriateFlowSingle" time="20.595"/>
  <system-out/>
  <testcase classname="appriciate_flow.appriatiate_flow" name="SocialFeedIDGet" time="5.526"/>
  <system-out/>
  <testcase classname="appriciate_flow.appriatiate_flow" name="LikePositive" time="4.840"/>
  <system-out/>
  <testcase classname="appriciate_flow.appriatiate_flow" name="CommentPositiveNegative" time="12.101"/>
  <system-out/>
  <testcase classname="appriciate_flow.appriatiate_flow" name="Appriate_emp_mail_Negative" time="21.573"/>
  <system-out/>
  <testcase classname="appriciate_flow.appriatiate_flow" name="Appriate_award_Negative" time="8.611"/>
  <system-out/>
  <testcase classname="appriciate_flow.appriatiate_flow" name="Appriate_Custom_msg_Negative" time="8.879"/>
  <system-out/>
  <testcase classname="appriciate_flow.appriatiate_flow" name="Appriated_List_Test" time="5.773"/>
  <system-out/>
</testsuite> <!-- appriciate_flow.appriatiate_flow -->
