<?xml version="1.0" encoding="UTF-8"?>
<!-- Generated by org.testng.reporters.JUnitReportReporter -->
<testsuite hostname="Dheeraj" failures="0" tests="1" name="genericFlow.SocialFeedDelete" time="16.620" errors="0" timestamp="2023-09-26T18:45:43 IST" skipped="0">
  <testcase classname="genericFlow.SocialFeedDelete" name="feedDelete" time="16.620"/>
  <system-out>
    <![CDATA[3544085 : NewsFeed Deleted
3544117 : NewsFeed Deleted
3544118 : NewsFeed Deleted
3544119 : NewsFeed Deleted]]>
  </system-out>
</testsuite> <!-- genericFlow.SocialFeedDelete -->
