<?xml version="1.0" encoding="UTF-8"?>
<!-- Generated by org.testng.reporters.JUnitReportReporter -->
<testsuite hostname="Dheeraj" failures="0" tests="8" name="appriciate_flow.appriatiate_flow" time="117.296" errors="0" timestamp="2023-12-08T19:21:02 IST" skipped="0">
  <testcase classname="appriciate_flow.appriatiate_flow" name="AppriateFlowSingle" time="28.146"/>
  <system-out/>
  <testcase classname="appriciate_flow.appriatiate_flow" name="SocialFeedIDGet" time="9.698"/>
  <system-out/>
  <testcase classname="appriciate_flow.appriatiate_flow" name="LikePositive" time="6.626"/>
  <system-out/>
  <testcase classname="appriciate_flow.appriatiate_flow" name="CommentPositiveNegative" time="16.980"/>
  <system-out/>
  <testcase classname="appriciate_flow.appriatiate_flow" name="Appriate_emp_mail_Negative" time="25.427"/>
  <system-out/>
  <testcase classname="appriciate_flow.appriatiate_flow" name="Appriate_award_Negative" time="9.279"/>
  <system-out/>
  <testcase classname="appriciate_flow.appriatiate_flow" name="Appriate_Custom_msg_Negative" time="11.355"/>
  <system-out/>
  <testcase classname="appriciate_flow.appriatiate_flow" name="Appriated_List_Test" time="9.785"/>
  <system-out/>
</testsuite> <!-- appriciate_flow.appriatiate_flow -->
