<?xml version="1.0" encoding="UTF-8"?>
<!-- Generated by org.testng.reporters.JUnitReportReporter -->
<testsuite hostname="Dheeraj" failures="0" tests="9" name="appriciate_flow.N_appriatiate_flow" time="10.798" errors="1" timestamp="2023-12-14T22:29:53 IST" skipped="8">
  <testcase classname="appriciate_flow.N_appriatiate_flow" name="beforeClass" time="10.798">
    <error message="no such window: target window already closed
from unknown error: web view not found
  (Session info: MicrosoftEdge=120.0.2210.61)
Build info: version: &#039;4.8.2&#039;, revision: &#039;826dbfc730&#039;
System info: os.name: &#039;Windows 11&#039;, os.arch: &#039;amd64&#039;, os.version: &#039;10.0&#039;, java.version: &#039;19&#039;
Driver info: org.openqa.selenium.edge.EdgeDriver
Command: [6658902f88c55d7dceb83b0c2763b1a3, maximizeCurrentWindow {}]
Capabilities {acceptInsecureCerts: false, browserName: msedge, browserVersion: 120.0.2210.61, fedcm:accounts: true, ms:edgeOptions: {debuggerAddress: localhost:49915}, msedge: {msedgedriverVersion: 119.0.2151.97 (42f50dec8b7a..., userDataDir: C:\Users\choug\AppData\Loca...}, networkConnectionEnabled: false, pageLoadStrategy: normal, platformName: WINDOWS, proxy: Proxy(), se:cdp: ws://localhost:49915/devtoo..., se:cdpVersion: 120.0.2210.61, setWindowRect: true, strictFileInteractability: false, timeouts: {implicit: 0, pageLoad: 300000, script: 30000}, unhandledPromptBehavior: dismiss and notify, webauthn:extension:credBlob: true, webauthn:extension:largeBlob: true, webauthn:extension:minPinLength: true, webauthn:extension:prf: true, webauthn:virtualAuthenticators: true}
Session ID: 6658902f88c55d7dceb83b0c2763b1a3" type="org.openqa.selenium.NoSuchWindowException">
      <![CDATA[org.openqa.selenium.NoSuchWindowException: no such window: target window already closed
from unknown error: web view not found
  (Session info: MicrosoftEdge=120.0.2210.61)
Build info: version: '4.8.2', revision: '826dbfc730'
System info: os.name: 'Windows 11', os.arch: 'amd64', os.version: '10.0', java.version: '19'
Driver info: org.openqa.selenium.edge.EdgeDriver
Command: [6658902f88c55d7dceb83b0c2763b1a3, maximizeCurrentWindow {}]
Capabilities {acceptInsecureCerts: false, browserName: msedge, browserVersion: 120.0.2210.61, fedcm:accounts: true, ms:edgeOptions: {debuggerAddress: localhost:49915}, msedge: {msedgedriverVersion: 119.0.2151.97 (42f50dec8b7a..., userDataDir: C:\Users\choug\AppData\Loca...}, networkConnectionEnabled: false, pageLoadStrategy: normal, platformName: WINDOWS, proxy: Proxy(), se:cdp: ws://localhost:49915/devtoo..., se:cdpVersion: 120.0.2210.61, setWindowRect: true, strictFileInteractability: false, timeouts: {implicit: 0, pageLoad: 300000, script: 30000}, unhandledPromptBehavior: dismiss and notify, webauthn:extension:credBlob: true, webauthn:extension:largeBlob: true, webauthn:extension:minPinLength: true, webauthn:extension:prf: true, webauthn:virtualAuthenticators: true}
Session ID: 6658902f88c55d7dceb83b0c2763b1a3
at java.base/jdk.internal.reflect.DirectConstructorHandleAccessor.newInstance(DirectConstructorHandleAccessor.java:67)
at java.base/java.lang.reflect.Constructor.newInstanceWithCaller(Constructor.java:500)
at java.base/java.lang.reflect.Constructor.newInstance(Constructor.java:484)
at org.openqa.selenium.remote.codec.w3c.W3CHttpResponseCodec.createException(W3CHttpResponseCodec.java:200)
at org.openqa.selenium.remote.codec.w3c.W3CHttpResponseCodec.decode(W3CHttpResponseCodec.java:133)
at org.openqa.selenium.remote.codec.w3c.W3CHttpResponseCodec.decode(W3CHttpResponseCodec.java:53)
at org.openqa.selenium.remote.HttpCommandExecutor.execute(HttpCommandExecutor.java:193)
at org.openqa.selenium.remote.service.DriverCommandExecutor.invokeExecute(DriverCommandExecutor.java:183)
at org.openqa.selenium.remote.service.DriverCommandExecutor.execute(DriverCommandExecutor.java:158)
at org.openqa.selenium.remote.RemoteWebDriver.execute(RemoteWebDriver.java:543)
at org.openqa.selenium.remote.RemoteWebDriver.execute(RemoteWebDriver.java:598)
at org.openqa.selenium.remote.RemoteWebDriver.execute(RemoteWebDriver.java:602)
at org.openqa.selenium.remote.RemoteWebDriver$RemoteWebDriverOptions$RemoteWindow.maximize(RemoteWebDriver.java:953)
at utility_RR.Utility_RR.startBrowser(Utility_RR.java:74)
at appriciate_flow.N_appriatiate_flow.beforeClass(N_appriatiate_flow.java:50)
at java.base/jdk.internal.reflect.DirectMethodHandleAccessor.invoke(DirectMethodHandleAccessor.java:104)
at java.base/java.lang.reflect.Method.invoke(Method.java:578)
at org.testng.internal.MethodInvocationHelper.invokeMethod(MethodInvocationHelper.java:133)
at org.testng.internal.MethodInvocationHelper.invokeMethodConsideringTimeout(MethodInvocationHelper.java:62)
at org.testng.internal.ConfigInvoker.invokeConfigurationMethod(ConfigInvoker.java:385)
at org.testng.internal.ConfigInvoker.invokeConfigurations(ConfigInvoker.java:321)
at org.testng.internal.TestMethodWorker.invokeBeforeClassMethods(TestMethodWorker.java:176)
at org.testng.internal.TestMethodWorker.run(TestMethodWorker.java:122)
at java.base/java.util.ArrayList.forEach(ArrayList.java:1511)
at org.testng.TestRunner.privateRun(TestRunner.java:794)
at org.testng.TestRunner.run(TestRunner.java:596)
at org.testng.SuiteRunner.runTest(SuiteRunner.java:377)
at org.testng.SuiteRunner.runSequentially(SuiteRunner.java:371)
at org.testng.SuiteRunner.privateRun(SuiteRunner.java:332)
at org.testng.SuiteRunner.run(SuiteRunner.java:276)
at org.testng.SuiteRunnerWorker.runSuite(SuiteRunnerWorker.java:53)
at org.testng.SuiteRunnerWorker.run(SuiteRunnerWorker.java:96)
at org.testng.TestNG.runSuitesSequentially(TestNG.java:1212)
at org.testng.TestNG.runSuitesLocally(TestNG.java:1134)
at org.testng.TestNG.runSuites(TestNG.java:1063)
at org.testng.TestNG.run(TestNG.java:1031)
at org.testng.remote.AbstractRemoteTestNG.run(AbstractRemoteTestNG.java:115)
at org.testng.remote.RemoteTestNG.initAndRun(RemoteTestNG.java:251)
at org.testng.remote.RemoteTestNG.main(RemoteTestNG.java:77)
]]>
    </error>
  </testcase> <!-- beforeClass -->
  <system-out/>
  <testcase classname="appriciate_flow.N_appriatiate_flow" name="AppriateFlowSingle" time="0.000">
    <skipped/>
  </testcase> <!-- AppriateFlowSingle -->
  <system-out/>
  <testcase classname="appriciate_flow.N_appriatiate_flow" name="SocialFeedIDGet" time="0.000">
    <skipped/>
  </testcase> <!-- SocialFeedIDGet -->
  <system-out/>
  <testcase classname="appriciate_flow.N_appriatiate_flow" name="LikePositive" time="0.000">
    <skipped/>
  </testcase> <!-- LikePositive -->
  <system-out/>
  <testcase classname="appriciate_flow.N_appriatiate_flow" name="CommentPositiveNegative" time="0.000">
    <skipped/>
  </testcase> <!-- CommentPositiveNegative -->
  <system-out/>
  <testcase classname="appriciate_flow.N_appriatiate_flow" name="Appriate_emp_mail_Negative" time="0.000">
    <skipped/>
  </testcase> <!-- Appriate_emp_mail_Negative -->
  <system-out/>
  <testcase classname="appriciate_flow.N_appriatiate_flow" name="Appriate_award_Negative" time="0.000">
    <skipped/>
  </testcase> <!-- Appriate_award_Negative -->
  <system-out/>
  <testcase classname="appriciate_flow.N_appriatiate_flow" name="Appriate_Custom_msg_Negative" time="0.000">
    <skipped/>
  </testcase> <!-- Appriate_Custom_msg_Negative -->
  <system-out/>
  <testcase classname="appriciate_flow.N_appriatiate_flow" name="Appriated_List_Test" time="0.000">
    <skipped/>
  </testcase> <!-- Appriated_List_Test -->
  <system-out/>
</testsuite> <!-- appriciate_flow.N_appriatiate_flow -->
