<?xml version="1.0" encoding="UTF-8"?>
<!-- Generated by org.testng.reporters.JUnitReportReporter -->
<testsuite hostname="Neeru" failures="0" tests="6" name="report_section.NewUI_man_to_man_transfer_report" time="12.662" errors="0" timestamp="2024-06-17T00:19:12 IST" skipped="0">
  <testcase classname="report_section.NewUI_man_to_man_transfer_report" name="report_name_verification" time="1.668"/>
  <system-out/>
  <testcase classname="report_section.NewUI_man_to_man_transfer_report" name="filter_present_verification" time="2.167"/>
  <system-out>
    <![CDATA[<font color="green">Filter is available </font>]]>
  </system-out>
  <testcase classname="report_section.NewUI_man_to_man_transfer_report" name="clear_button_presnece_verification" time="1.561"/>
  <system-out>
    <![CDATA[<font color="green">Clear button is available </font>]]>
  </system-out>
  <testcase classname="report_section.NewUI_man_to_man_transfer_report" name="download_button_presnece_verification" time="1.723"/>
  <system-out>
    <![CDATA[<font color="green">Download button is available </font>]]>
  </system-out>
  <testcase classname="report_section.NewUI_man_to_man_transfer_report" name="pagination_presence_verification" time="1.693"/>
  <system-out>
    <![CDATA[<font color="green">pagination is available </font>]]>
  </system-out>
  <testcase classname="report_section.NewUI_man_to_man_transfer_report" name="report_rowcount_verification" time="3.850"/>
  <system-out>
    <![CDATA[<font color="green">BackEnd rows are visible in report and count is : 25</font>
<font color="green">Frontend rows are visible in report and count is : 25</font>]]>
  </system-out>
</testsuite> <!-- report_section.NewUI_man_to_man_transfer_report -->
