<?xml version="1.0" encoding="UTF-8"?>
<!-- Generated by org.testng.reporters.JUnitReportReporter -->
<testsuite hostname="Neeru" failures="0" tests="2" name="my_profile.i_want" time="4.436" errors="0" timestamp="2024-04-24T22:08:29 IST" skipped="0">
  <testcase classname="my_profile.i_want" name="verify_label_all_label_name" time="3.422"/>
  <system-out/>
  <testcase classname="my_profile.i_want" name="error_message_verification" time="1.014"/>
  <system-out/>
</testsuite> <!-- my_profile.i_want -->
