<?xml version="1.0" encoding="UTF-8"?>
<!-- Generated by org.testng.reporters.JUnitReportReporter -->
<testsuite hostname="Neeru" failures="0" tests="3" name="my_profile.i_want" time="5.761" errors="0" timestamp="2024-04-19T15:24:10 IST" skipped="0">
  <testcase classname="my_profile.i_want" name="verify_label_all_label_name" time="4.293"/>
  <system-out/>
  <testcase classname="my_profile.i_want" name="error_message_verification" time="1.237"/>
  <system-out/>
  <testcase classname="my_profile.i_want" name="profile_awarded_list_Verification" time="0.231"/>
  <system-out/>
</testsuite> <!-- my_profile.i_want -->
