<?xml version="1.0" encoding="UTF-8"?>
<!-- Generated by org.testng.reporters.JUnitReportReporter -->
<testsuite hostname="Neeru" failures="0" tests="1" name="Afni_testing.nomination" time="28.206" errors="0" timestamp="2024-05-23T21:36:55 IST" skipped="0">
  <testcase classname="Afni_testing.nomination" name="singleNominationFlow" time="28.206"/>
  <system-out/>
</testsuite> <!-- Afni_testing.nomination -->
