<?xml version="1.0" encoding="UTF-8"?>
<!-- Generated by org.testng.reporters.JUnitReportReporter -->
<testsuite hostname="Vidhi" failures="0" tests="5" name="my_profile.my_profile" time="23.536" errors="0" timestamp="2024-04-18T12:42:02 IST" skipped="0">
  <testcase classname="my_profile.my_profile" name="profile_wallet_verification" time="1.292"/>
  <system-out>
    <![CDATA[Wallet Functionality is not available in this corpoarte]]>
  </system-out>
  <testcase classname="my_profile.my_profile" name="profile_pic_Verification" time="3.996"/>
  <system-out>
    <![CDATA[Profile picture edited]]>
  </system-out>
  <testcase classname="my_profile.my_profile" name="profile_info_edit_Verification" time="6.448"/>
  <system-out>
    <![CDATA[Information edit tested]]>
  </system-out>
  <testcase classname="my_profile.my_profile" name="profile_appreciated_list_Verification" time="7.304"/>
  <system-out>
    <![CDATA[Appreciation received in my profile is tested]]>
  </system-out>
  <testcase classname="my_profile.my_profile" name="profile_awarded_list_Verification" time="4.496"/>
  <system-out>
    <![CDATA[Award received in my profile is tested]]>
  </system-out>
</testsuite> <!-- my_profile.my_profile -->
