<?xml version="1.0" encoding="UTF-8"?>
<!-- Generated by org.testng.reporters.JUnitReportReporter -->
<testsuite hostname="Dheeraj" failures="0" tests="1" name="genericFlow.SocialFeedDelete" time="14.349" errors="0" timestamp="2023-10-27T11:18:19 IST" skipped="0">
  <testcase classname="genericFlow.SocialFeedDelete" name="feedDelete" time="14.349"/>
  <system-out>
    <![CDATA[3744709 : NewsFeed Deleted
3744736 : NewsFeed Deleted
3744736 : NewsFeed Deleted]]>
  </system-out>
</testsuite> <!-- genericFlow.SocialFeedDelete -->
