<?xml version="1.0" encoding="UTF-8"?>
<!-- Generated by org.testng.reporters.JUnitReportReporter -->
<testsuite hostname="Dheeraj" failures="0" tests="8" name="appriciate_flow.appriatiate_flow_team" time="103.996" errors="0" timestamp="2023-09-04T17:00:01 IST" skipped="0">
  <testcase classname="appriciate_flow.appriatiate_flow_team" name="AppriateFlowTeam" time="36.247"/>
  <system-out/>
  <testcase classname="appriciate_flow.appriatiate_flow_team" name="SocialFeedIDGet_team" time="6.315"/>
  <system-out>
    <![CDATA[3407388
3407387]]>
  </system-out>
  <testcase classname="appriciate_flow.appriatiate_flow_team" name="LikePositive_team" time="6.009"/>
  <system-out/>
  <testcase classname="appriciate_flow.appriatiate_flow_team" name="CommentPositiveNegative_team" time="12.078"/>
  <system-out/>
  <testcase classname="appriciate_flow.appriatiate_flow_team" name="Appriate_emp_mail_Negative_team" time="19.567"/>
  <system-out/>
  <testcase classname="appriciate_flow.appriatiate_flow_team" name="Appriate_award_Negative_team" time="8.758"/>
  <system-out/>
  <testcase classname="appriciate_flow.appriatiate_flow_team" name="Appriate_Custom_msg_Negative_team" time="8.352"/>
  <system-out/>
  <testcase classname="appriciate_flow.appriatiate_flow_team" name="Appriated_List_Test_team" time="6.670"/>
  <system-out>
    <![CDATA[nominee1.satven@outlook.com
Row number 1.0 is verified successfully]]>
  </system-out>
</testsuite> <!-- appriciate_flow.appriatiate_flow_team -->
