<?xml version="1.0" encoding="UTF-8"?>
<!-- Generated by org.testng.reporters.JUnitReportReporter -->
<testsuite hostname="Neeru" failures="0" tests="8" name="appriciate_flow.N_appriatiate_flow" time="132.233" errors="0" timestamp="2024-05-22T22:54:38 IST" skipped="1">
  <testcase classname="appriciate_flow.N_appriatiate_flow" name="AppriateFlowSingle" time="24.558"/>
  <system-out/>
  <testcase classname="appriciate_flow.N_appriatiate_flow" name="SocialFeedIDGet" time="20.883"/>
  <system-out/>
  <testcase classname="appriciate_flow.N_appriatiate_flow" name="LikePositive" time="7.148"/>
  <system-out/>
  <testcase classname="appriciate_flow.N_appriatiate_flow" name="CommentPositiveNegative" time="17.005"/>
  <system-out/>
  <testcase classname="appriciate_flow.N_appriatiate_flow" name="Appriate_emp_mail_Negative" time="26.814"/>
  <system-out/>
  <testcase classname="appriciate_flow.N_appriatiate_flow" name="Appriate_award_Negative" time="17.851"/>
  <system-out/>
  <testcase classname="appriciate_flow.N_appriatiate_flow" name="Appriate_Custom_msg_Negative" time="17.974"/>
  <system-out>
    <![CDATA[No need to test negative case]]>
  </system-out>
  <testcase classname="appriciate_flow.N_appriatiate_flow" name="Appriated_List_Test">
    <skipped/>
  </testcase> <!-- Appriated_List_Test -->
  <system-out/>
</testsuite> <!-- appriciate_flow.N_appriatiate_flow -->
