<?xml version="1.0" encoding="UTF-8"?>
<!-- Generated by org.testng.reporters.JUnitReportReporter -->
<testsuite hostname="Neeru" failures="0" tests="2" name="uiTesting.UiTestingOld" time="677.847" errors="0" timestamp="2024-05-13T18:58:44 IST" skipped="0">
  <testcase classname="uiTesting.UiTestingOld" name="Ui_Testing_Expected" time="352.382"/>
  <system-out/>
  <testcase classname="uiTesting.UiTestingOld" name="Ui_Testing_actual" time="325.465"/>
  <system-out>
    <![CDATA[<font color="red">Difference in Screenshot, Please check the mentioned image : excel\UiTesting\actualImage\rewards_buzz.png</font>
<font color="red">Difference in Screenshot, Please check the mentioned image : excel\UiTesting\actualImage\rewards_notification.png</font>
<font color="red">Difference in Screenshot, Please check the mentioned image : excel\UiTesting\actualImage\rewards_lookupteam.png</font>
<font color="green">Images are identical : excel\UiTesting\baseImage\my_awards.png</font>
<font color="green">Images are identical : excel\UiTesting\baseImage\my_nonmonetary_awards.png</font>
<font color="green">Images are identical : excel\UiTesting\baseImage\hall_of_fame.png</font>
<font color="green">Images are identical : excel\UiTesting\baseImage\long_service_wall.png</font>
<font color="green">Images are identical : excel\UiTesting\baseImage\rewards_user_poll.png</font>
<font color="green">Images are identical : excel\UiTesting\baseImage\rewards_poll.png</font>
<font color="green">Images are identical : excel\UiTesting\baseImage\rewards_poll_question.png</font>
<font color="green">Images are identical : excel\UiTesting\baseImage\hobbies.png</font>
<font color="green">Images are identical : excel\UiTesting\baseImage\pages_survey_landing_page.png</font>
<font color="green">Images are identical : excel\UiTesting\baseImage\pages_survey_report_dashboard.png</font>
<font color="green">Images are identical : excel\UiTesting\baseImage\budget_details.png</font>
<font color="green">Images are identical : excel\UiTesting\baseImage\nomination_monetary_awards.png</font>
<font color="green">Images are identical : excel\UiTesting\baseImage\monetary_award_users_new.png</font>
<font color="green">Images are identical : excel\UiTesting\baseImage\uploaded_nomination_files.png</font>
<font color="green">Images are identical : excel\UiTesting\baseImage\uploaded_award_files.png</font>
<font color="green">Images are identical : excel\UiTesting\baseImage\nonmonetary_award_users_new.png</font>
<font color="green">Images are identical : excel\UiTesting\baseImage\nonmonetary_award_users_custom_wish_list.png</font>
<font color="green">Images are identical : excel\UiTesting\baseImage\nonmonetary_award_users_custom_wish.png</font>
<font color="green">Images are identical : excel\UiTesting\baseImage\rewards_manager_to_manager_balance_transfer.png</font>
<font color="green">Images are identical : excel\UiTesting\baseImage\manager_transfer_report.png</font>
<font color="green">Images are identical : excel\UiTesting\baseImage\rewards_manager_budget_transfer.png</font>
<font color="red">Difference in Screenshot, Please check the mentioned image : excel\UiTesting\actualImage\rewards_points_transfer.png</font>
<font color="green">Images are identical : excel\UiTesting\baseImage\monetary_award_approval_list.png</font>
<font color="green">Images are identical : excel\UiTesting\baseImage\my_nominations.png</font>
<font color="red">Difference in Screenshot, Please check the mentioned image : excel\UiTesting\actualImage\past_given_awards.png</font>
<font color="green">Images are identical : excel\UiTesting\baseImage\past_given_nonmonetary_awards.png</font>
<font color="green">Images are identical : excel\UiTesting\baseImage\charts.png</font>
<font color="green">Images are identical : excel\UiTesting\baseImage\stored_values.png</font>
<font color="green">Images are identical : excel\UiTesting\baseImage\recognition_received_report.png</font>
<font color="green">Images are identical : excel\UiTesting\baseImage\appreciation_received_report.png</font>
<font color="green">Images are identical : excel\UiTesting\baseImage\redemption_reports.png</font>
<font color="green">Images are identical : excel\UiTesting\baseImage\pending_nomination_report.png</font>
<font color="green">Images are identical : excel\UiTesting\baseImage\rejected_nomination_report.png</font>
<font color="green">Images are identical : excel\UiTesting\baseImage\manager_transfer_budget_report.png</font>
<font color="green">Images are identical : excel\UiTesting\baseImage\login_report.png</font>
<font color="green">Images are identical : excel\UiTesting\baseImage\peer_to_peer_transfer_report.png</font>
<font color="green">Images are identical : excel\UiTesting\baseImage\users_reports.png</font>
<font color="green">Images are identical : excel\UiTesting\baseImage\budget_utilization.png</font>
<font color="green">Images are identical : excel\UiTesting\baseImage\hobby_club_dashboard.png</font>
<font color="green">Images are identical : excel\UiTesting\baseImage\monetary_award_users_award_reverts_new_cancel.png</font>
<font color="green">Images are identical : excel\UiTesting\baseImage\monetary_awards.png</font>
<font color="green">Images are identical : excel\UiTesting\baseImage\orders_my_voucher.png</font>
<font color="green">Images are identical : excel\UiTesting\baseImage\pages_gift_card.png</font>
<font color="green">Images are identical : excel\UiTesting\baseImage\add_points.png</font>
<font color="green">Images are identical : excel\UiTesting\baseImage\pages_iwant.png</font>
<font color="green">Images are identical : excel\UiTesting\baseImage\pages_add_family_member.png</font>
<font color="green">Images are identical : excel\UiTesting\baseImage\dineout_dineoutreservelist.png</font>
<font color="green">Images are identical : excel\UiTesting\baseImage\mywallet.png</font>
<font color="green">Images are identical : excel\UiTesting\baseImage\rewards_view_profile.png</font>
<font color="green">Images are identical : excel\UiTesting\baseImage\contact-advantage-club.png</font>]]>
  </system-out>
</testsuite> <!-- uiTesting.UiTestingOld -->
