<?xml version="1.0" encoding="UTF-8"?>
<!-- Generated by org.testng.reporters.JUnitReportReporter -->
<testsuite hostname="Neeru" failures="0" tests="2" name="my_profile.my_wallets2" time="5.717" errors="0" timestamp="2024-04-19T15:24:10 IST" skipped="0">
  <testcase classname="my_profile.my_wallets2" name="wallet_count" time="5.199"/>
  <system-out/>
  <testcase classname="my_profile.my_wallets2" name="entires_count" time="0.518"/>
  <system-out/>
</testsuite> <!-- my_profile.my_wallets2 -->
