<?xml version="1.0" encoding="UTF-8"?>
<!-- Generated by org.testng.reporters.JUnitReportReporter -->
<testsuite hostname="Neeru" failures="0" tests="1" name="genericFlow.SocialFeedDelete" time="14.701" errors="0" timestamp="2024-04-23T17:08:51 IST" skipped="0">
  <testcase classname="genericFlow.SocialFeedDelete" name="feedDelete" time="14.701"/>
  <system-out>
    <![CDATA[4922293 : NewsFeed Deleted
4922332 : NewsFeed Deleted
4922332 : NewsFeed Deleted
4923435 : NewsFeed Deleted]]>
  </system-out>
</testsuite> <!-- genericFlow.SocialFeedDelete -->
