<?xml version="1.0" encoding="UTF-8"?>
<!-- Generated by org.testng.reporters.JUnitReportReporter -->
<testsuite hostname="Neeru" failures="0" tests="1" name="Afni_testing.pendingApproval" time="18.109" errors="0" timestamp="2024-05-23T21:36:55 IST" skipped="0">
  <testcase classname="Afni_testing.pendingApproval" name="nominationApproval" time="18.109"/>
  <system-out/>
</testsuite> <!-- Afni_testing.pendingApproval -->
