<?xml version="1.0" encoding="UTF-8"?>
<!-- Generated by org.testng.reporters.JUnitReportReporter -->
<testsuite hostname="Neeru" failures="0" tests="1" name="genericFlow.SocialFeedDelete" time="28.314" errors="0" timestamp="2024-05-16T16:20:26 IST" skipped="0">
  <testcase classname="genericFlow.SocialFeedDelete" name="feedDelete" time="28.314"/>
  <system-out>
    <![CDATA[4923837 : NewsFeed Deleted
4929617 : NewsFeed Deleted
5039055 : NewsFeed Deleted
5039091 : NewsFeed Deleted
5039165 : NewsFeed Deleted
5039208 : NewsFeed Deleted]]>
  </system-out>
</testsuite> <!-- genericFlow.SocialFeedDelete -->
