<?xml version="1.0" encoding="UTF-8"?>
<!-- Generated by org.testng.reporters.JUnitReportReporter -->
<testsuite hostname="Dheeraj" failures="0" tests="1" name="nominationFlow.Nomination_flow" time="69.220" errors="0" timestamp="2023-12-22T15:30:55 IST" skipped="0">
  <testcase classname="nominationFlow.Nomination_flow" name="nominateSessionCreation" time="69.220"/>
  <system-out/>
</testsuite> <!-- nominationFlow.Nomination_flow -->
