<?xml version="1.0" encoding="UTF-8"?>
<!-- Generated by org.testng.reporters.JUnitReportReporter -->
<testsuite hostname="Neeru" failures="0" tests="6" name="report_section.NewUI_redemption_report" time="13.439" errors="0" timestamp="2024-06-17T00:19:12 IST" skipped="0">
  <testcase classname="report_section.NewUI_redemption_report" name="report_name_verification" time="1.795"/>
  <system-out/>
  <testcase classname="report_section.NewUI_redemption_report" name="filter_present_verification" time="1.764"/>
  <system-out>
    <![CDATA[<font color="green">Filter is available </font>]]>
  </system-out>
  <testcase classname="report_section.NewUI_redemption_report" name="clear_button_presnece_verification" time="1.914"/>
  <system-out>
    <![CDATA[<font color="green">Clear button is available </font>]]>
  </system-out>
  <testcase classname="report_section.NewUI_redemption_report" name="download_button_presnece_verification" time="2.163"/>
  <system-out>
    <![CDATA[<font color="green">Download button is available </font>]]>
  </system-out>
  <testcase classname="report_section.NewUI_redemption_report" name="pagination_presence_verification" time="1.903"/>
  <system-out>
    <![CDATA[<font color="green">pagination is available </font>]]>
  </system-out>
  <testcase classname="report_section.NewUI_redemption_report" name="report_rowcount_verification" time="3.900"/>
  <system-out>
    <![CDATA[<font color="green">BackEnd rows are visible in report and count is : 16</font>
<font color="green">Frontend rows are visible in report and count is : 16</font>]]>
  </system-out>
</testsuite> <!-- report_section.NewUI_redemption_report -->
