<?xml version="1.0" encoding="UTF-8"?>
<!-- Generated by org.testng.reporters.JUnitReportReporter -->
<testsuite hostname="Neeru" failures="0" tests="5" name="my_profile.my_profile" time="25.900" errors="0" timestamp="2024-04-17T19:06:12 IST" skipped="0">
  <testcase classname="my_profile.my_profile" name="profile_wallet_verification" time="1.350"/>
  <system-out>
    <![CDATA[Wallet Functionality is not available in this corpoarte]]>
  </system-out>
  <testcase classname="my_profile.my_profile" name="profile_pic_Verification" time="4.539"/>
  <system-out>
    <![CDATA[Profile picture edited]]>
  </system-out>
  <testcase classname="my_profile.my_profile" name="profile_info_edit_Verification" time="6.679"/>
  <system-out>
    <![CDATA[Information edit tested]]>
  </system-out>
  <testcase classname="my_profile.my_profile" name="profile_appreciated_list_Verification" time="8.615"/>
  <system-out>
    <![CDATA[Appreciation received in my profile is tested]]>
  </system-out>
  <testcase classname="my_profile.my_profile" name="profile_awarded_list_Verification" time="4.717"/>
  <system-out>
    <![CDATA[Award received in my profile is tested]]>
  </system-out>
</testsuite> <!-- my_profile.my_profile -->
