<?xml version="1.0" encoding="UTF-8"?>
<!-- Generated by org.testng.reporters.JUnitReportReporter -->
<testsuite hostname="Neeru" failures="0" tests="2" name="my_profile.add_gift_card" time="12.739" errors="0" timestamp="2024-04-24T22:08:29 IST" skipped="0">
  <testcase classname="my_profile.add_gift_card" name="verify_all_label_name" time="9.957"/>
  <system-out/>
  <testcase classname="my_profile.add_gift_card" name="error_message_verification" time="2.782"/>
  <system-out/>
</testsuite> <!-- my_profile.add_gift_card -->
