<?xml version="1.0" encoding="UTF-8"?>
<!-- Generated by org.testng.reporters.JUnitReportReporter -->
<testsuite hostname="Vidhi" failures="0" tests="2" name="my_profile.my_wallets2" time="35.607" errors="0" timestamp="2024-04-18T18:12:34 IST" skipped="0">
  <testcase classname="my_profile.my_wallets2" name="wallet_count" time="35.049"/>
  <system-out/>
  <testcase classname="my_profile.my_wallets2" name="entires_count" time="0.558"/>
  <system-out/>
</testsuite> <!-- my_profile.my_wallets2 -->
