<?xml version="1.0" encoding="UTF-8"?>
<!-- Generated by org.testng.reporters.JUnitReportReporter -->
<testsuite hostname="Neeru" failures="0" tests="1" name="genericFlow.SocialFeedDelete" time="16.533" errors="0" timestamp="2024-05-22T23:40:36 IST" skipped="0">
  <testcase classname="genericFlow.SocialFeedDelete" name="feedDelete" time="16.533"/>
  <system-out>
    <![CDATA[5066298 : NewsFeed Deleted
5066305 : NewsFeed Deleted
5066326 : NewsFeed Deleted]]>
  </system-out>
</testsuite> <!-- genericFlow.SocialFeedDelete -->
