<?xml version="1.0" encoding="UTF-8"?>
<!-- Generated by org.testng.reporters.JUnitReportReporter -->
<testsuite hostname="Dheeraj" failures="0" tests="8" name="appriciate_flow.appriatiate_flow_team" time="138.343" errors="0" timestamp="2023-09-26T18:44:53 IST" skipped="0">
  <testcase classname="appriciate_flow.appriatiate_flow_team" name="AppriateFlowTeam" time="47.935"/>
  <system-out/>
  <testcase classname="appriciate_flow.appriatiate_flow_team" name="SocialFeedIDGet_team" time="13.348"/>
  <system-out>
    <![CDATA[3544117
3544118
3544119]]>
  </system-out>
  <testcase classname="appriciate_flow.appriatiate_flow_team" name="LikePositive_team" time="8.361"/>
  <system-out/>
  <testcase classname="appriciate_flow.appriatiate_flow_team" name="CommentPositiveNegative_team" time="6.472"/>
  <system-out>
    <![CDATA[Comment functionality is not available]]>
  </system-out>
  <testcase classname="appriciate_flow.appriatiate_flow_team" name="Appriate_emp_mail_Negative_team" time="24.696"/>
  <system-out/>
  <testcase classname="appriciate_flow.appriatiate_flow_team" name="Appriate_award_Negative_team" time="12.331"/>
  <system-out/>
  <testcase classname="appriciate_flow.appriatiate_flow_team" name="Appriate_Custom_msg_Negative_team" time="14.686"/>
  <system-out/>
  <testcase classname="appriciate_flow.appriatiate_flow_team" name="Appriated_List_Test_team" time="10.514"/>
  <system-out>
    <![CDATA[emp3.airindia@yopmail.com
Row number 3.0 is verified successfully]]>
  </system-out>
</testsuite> <!-- appriciate_flow.appriatiate_flow_team -->
