<?xml version="1.0" encoding="UTF-8"?>
<!-- Generated by org.testng.reporters.JUnitReportReporter -->
<testsuite hostname="Neeru" failures="0" tests="6" name="report_section.NewUI_credit_transfer_report" time="12.797" errors="0" timestamp="2024-06-17T00:19:12 IST" skipped="0">
  <testcase classname="report_section.NewUI_credit_transfer_report" name="report_name_verification" time="1.289"/>
  <system-out/>
  <testcase classname="report_section.NewUI_credit_transfer_report" name="filter_present_verification" time="1.513"/>
  <system-out>
    <![CDATA[<font color="green">Filter is available </font>]]>
  </system-out>
  <testcase classname="report_section.NewUI_credit_transfer_report" name="clear_button_presnece_verification" time="1.935"/>
  <system-out>
    <![CDATA[<font color="green">Clear button is available </font>]]>
  </system-out>
  <testcase classname="report_section.NewUI_credit_transfer_report" name="download_button_presnece_verification" time="1.952"/>
  <system-out>
    <![CDATA[<font color="green">Download button is available </font>]]>
  </system-out>
  <testcase classname="report_section.NewUI_credit_transfer_report" name="pagination_presence_verification" time="2.606"/>
  <system-out>
    <![CDATA[<font color="green">pagination is available </font>]]>
  </system-out>
  <testcase classname="report_section.NewUI_credit_transfer_report" name="report_rowcount_verification" time="3.502"/>
  <system-out>
    <![CDATA[<font color="green">BackEnd rows are visible in report and count is : 1</font>
<font color="green">Frontend rows are visible in report and count is : 1</font>]]>
  </system-out>
</testsuite> <!-- report_section.NewUI_credit_transfer_report -->
