<?xml version="1.0" encoding="UTF-8"?>
<!-- Generated by org.testng.reporters.JUnitReportReporter -->
<testsuite hostname="Neeru" failures="0" tests="4" name="my_profile.add_wallet_points" time="29.117" errors="0" timestamp="2024-04-19T15:24:10 IST" skipped="0">
  <testcase classname="my_profile.add_wallet_points" name="verify_hardcoded_amount_available" time="3.776"/>
  <system-out/>
  <testcase classname="my_profile.add_wallet_points" name="wallet_balance_verification" time="4.582"/>
  <system-out/>
  <testcase classname="my_profile.add_wallet_points" name="error_amount_verification" time="10.274"/>
  <system-out>
    <![CDATA[amount blank verifed
amount 1 verifed
amount 30000 verifed]]>
  </system-out>
  <testcase classname="my_profile.add_wallet_points" name="error_rajorpay_verification" time="10.485"/>
  <system-out/>
</testsuite> <!-- my_profile.add_wallet_points -->
