<?xml version="1.0" encoding="UTF-8"?>
<!-- Generated by org.testng.reporters.JUnitReportReporter -->
<testsuite hostname="Dheeraj" failures="0" tests="2" name="appriciate_flow.appriatiate_flow" time="28.407" errors="0" timestamp="2023-08-22T17:25:42 IST" skipped="0">
  <testcase classname="appriciate_flow.appriatiate_flow" name="AppriateFlowSingle" time="13.983"/>
  <system-out/>
  <testcase classname="appriciate_flow.appriatiate_flow" name="AppriateFlowSingle" time="14.424"/>
  <system-out/>
</testsuite> <!-- appriciate_flow.appriatiate_flow -->
