<?xml version="1.0" encoding="UTF-8"?>
<!-- Generated by org.testng.reporters.JUnitReportReporter -->
<testsuite hostname="Dheeraj" failures="0" tests="2" name="lookup.Lookup" time="10.534" errors="0" timestamp="2023-10-27T10:48:59 IST" skipped="0">
  <testcase classname="lookup.Lookup" name="lookup_Positive" time="6.519"/>
  <system-out/>
  <testcase classname="lookup.Lookup" name="lookup_Negative" time="4.015"/>
  <system-out/>
</testsuite> <!-- lookup.Lookup -->
