<?xml version="1.0" encoding="UTF-8"?>
<!-- Generated by org.testng.reporters.JUnitReportReporter -->
<testsuite hostname="Neeru" failures="0" tests="4" name="points_transfer.interBudgetTransfer" time="23.291" errors="0" timestamp="2024-05-31T12:07:57 IST" skipped="0">
  <testcase classname="points_transfer.interBudgetTransfer" name="zeroPointAlertVerification" time="5.993"/>
  <system-out/>
  <testcase classname="points_transfer.interBudgetTransfer" name="submitAlertVerification" time="6.195"/>
  <system-out/>
  <testcase classname="points_transfer.interBudgetTransfer" name="zeroPointsAlertVerification" time="5.631"/>
  <system-out/>
  <testcase classname="points_transfer.interBudgetTransfer" name="amountExceedingBudgetAlertVerification" time="5.472"/>
  <system-out/>
</testsuite> <!-- points_transfer.interBudgetTransfer -->
