<?xml version="1.0" encoding="UTF-8"?>
<!-- Generated by org.testng.reporters.JUnitReportReporter -->
<testsuite hostname="Neeru" failures="0" tests="3" name="vendor_verify.vendor_api_verification" time="24.416" errors="0" timestamp="2024-04-12T17:01:20 IST" skipped="1">
  <testcase classname="vendor_verify.vendor_api_verification" name="Country_verify" time="6.329"/>
  <system-out>
    <![CDATA[Country Name: Philippines
Number of countries live in C1291 :1]]>
  </system-out>
  <testcase classname="vendor_verify.vendor_api_verification" name="vendor_verify" time="18.087"/>
  <system-out>
    <![CDATA[Vendor count for Philippines :157
157]]>
  </system-out>
  <testcase classname="vendor_verify.vendor_api_verification" name="vendor_verify1">
    <skipped/>
  </testcase> <!-- vendor_verify1 -->
  <system-out/>
</testsuite> <!-- vendor_verify.vendor_api_verification -->
