<?xml version="1.0" encoding="UTF-8"?>
<!-- Generated by org.testng.reporters.JUnitReportReporter -->
<testsuite hostname="Dheeraj" failures="0" tests="5" name="my_profile.my_profile" time="24.801" errors="0" timestamp="2023-10-31T15:48:38 IST" skipped="0">
  <testcase classname="my_profile.my_profile" name="profile_wallet_verification" time="4.136"/>
  <system-out>
    <![CDATA[Wellness
Pending
Current]]>
  </system-out>
  <testcase classname="my_profile.my_profile" name="profile_pic_Verification" time="3.867"/>
  <system-out>
    <![CDATA[Profile picture edited]]>
  </system-out>
  <testcase classname="my_profile.my_profile" name="profile_info_edit_Verification" time="6.163"/>
  <system-out>
    <![CDATA[Information edit tested]]>
  </system-out>
  <testcase classname="my_profile.my_profile" name="profile_appreciated_list_Verification" time="5.529"/>
  <system-out>
    <![CDATA[Appreciation received in my profile is tested]]>
  </system-out>
  <testcase classname="my_profile.my_profile" name="profile_awarded_list_Verification" time="5.106"/>
  <system-out>
    <![CDATA[Award received in my profile is tested]]>
  </system-out>
</testsuite> <!-- my_profile.my_profile -->
