<?xml version="1.0" encoding="UTF-8"?>
<!-- Generated by org.testng.reporters.JUnitReportReporter -->
<testsuite hostname="Neeru" failures="0" tests="2" name="my_profile.my_wallets2" time="12.120" errors="0" timestamp="2024-05-31T12:05:19 IST" skipped="0">
  <testcase classname="my_profile.my_wallets2" name="wallet_count" time="9.650"/>
  <system-out/>
  <testcase classname="my_profile.my_wallets2" name="entires_count" time="2.470"/>
  <system-out>
    <![CDATA[<font color="green">Wallet transactions getting populated correctly</font>]]>
  </system-out>
</testsuite> <!-- my_profile.my_wallets2 -->
