<?xml version="1.0" encoding="UTF-8"?>
<!-- Generated by org.testng.reporters.JUnitReportReporter -->
<testsuite hostname="Dheeraj" failures="0" tests="8" name="appriciate_flow.appriatiate_flow" time="90.355" errors="0" timestamp="2023-09-26T16:57:47 IST" skipped="0">
  <testcase classname="appriciate_flow.appriatiate_flow" name="AppriateFlowSingle" time="28.128"/>
  <system-out/>
  <testcase classname="appriciate_flow.appriatiate_flow" name="SocialFeedIDGet" time="11.590"/>
  <system-out/>
  <testcase classname="appriciate_flow.appriatiate_flow" name="LikePositive" time="9.773"/>
  <system-out/>
  <testcase classname="appriciate_flow.appriatiate_flow" name="CommentPositiveNegative" time="6.715"/>
  <system-out>
    <![CDATA[Comment functionality is not available]]>
  </system-out>
  <testcase classname="appriciate_flow.appriatiate_flow" name="Appriate_emp_mail_Negative" time="7.912"/>
  <system-out>
    <![CDATA[No need to test negative case]]>
  </system-out>
  <testcase classname="appriciate_flow.appriatiate_flow" name="Appriate_award_Negative" time="7.621"/>
  <system-out>
    <![CDATA[No need to test negative case]]>
  </system-out>
  <testcase classname="appriciate_flow.appriatiate_flow" name="Appriate_Custom_msg_Negative" time="6.440"/>
  <system-out>
    <![CDATA[No need to test negative case]]>
  </system-out>
  <testcase classname="appriciate_flow.appriatiate_flow" name="Appriated_List_Test" time="12.176"/>
  <system-out/>
</testsuite> <!-- appriciate_flow.appriatiate_flow -->
