<?xml version="1.0" encoding="UTF-8"?>
<!-- Generated by org.testng.reporters.JUnitReportReporter -->
<testsuite hostname="Neeru" failures="0" tests="4" name="report_section.NewUI_recognition_received_report" time="3.922" errors="0" timestamp="2024-04-25T00:35:19 IST" skipped="3">
  <testcase classname="report_section.NewUI_recognition_received_report" name="dataVerfication" time="3.922"/>
  <system-out/>
  <testcase classname="report_section.NewUI_recognition_received_report" name="HeaderAndRowDataVerification">
    <skipped/>
  </testcase> <!-- HeaderAndRowDataVerification -->
  <system-out/>
  <testcase classname="report_section.NewUI_recognition_received_report" name="OpenReportAndNameVerfication">
    <skipped/>
  </testcase> <!-- OpenReportAndNameVerfication -->
  <system-out/>
  <testcase classname="report_section.NewUI_recognition_received_report" name="FilterVerfication">
    <skipped/>
  </testcase> <!-- FilterVerfication -->
  <system-out/>
</testsuite> <!-- report_section.NewUI_recognition_received_report -->
