<?xml version="1.0" encoding="UTF-8"?>
<!-- Generated by org.testng.reporters.JUnitReportReporter -->
<testsuite hostname="Neeru" failures="0" tests="2" name="uiTesting.UiTestingOld" time="546.189" errors="1" timestamp="2024-04-30T19:00:52 IST" skipped="0">
  <testcase classname="uiTesting.UiTestingOld" name="Ui_Testing_Expected" time="312.740"/>
  <system-out/>
  <testcase classname="uiTesting.UiTestingOld" name="Ui_Testing_actual" time="233.449">
    <error message="javascript error: jQuery is not defined
  (Session info: MicrosoftEdge=124.0.2478.67)
Build info: version: &#039;4.17.0&#039;, revision: &#039;e52b1be057*&#039;
System info: os.name: &#039;Windows 11&#039;, os.arch: &#039;amd64&#039;, os.version: &#039;10.0&#039;, java.version: &#039;17.0.10&#039;
Driver info: org.openqa.selenium.edge.EdgeDriver
Command: [dc9307da21d0e03a1033adbfc24541f3, executeScript {args=[], script=return jQuery.active == 0}]
Capabilities {acceptInsecureCerts: false, browserName: MicrosoftEdge, browserVersion: 124.0.2478.67, fedcm:accounts: true, ms:edgeOptions: {debuggerAddress: localhost:64259}, msedge: {msedgedriverVersion: 124.0.2478.67 (d385ef2844e0..., userDataDir: C:\Users\AC\AppData\Local\T...}, networkConnectionEnabled: false, pageLoadStrategy: normal, platformName: windows, proxy: Proxy(), se:cdp: ws://localhost:64259/devtoo..., se:cdpVersion: 124.0.2478.67, setWindowRect: true, strictFileInteractability: false, timeouts: {implicit: 0, pageLoad: 300000, script: 30000}, unhandledPromptBehavior: dismiss and notify, webauthn:extension:credBlob: true, webauthn:extension:largeBlob: true, webauthn:extension:minPinLength: true, webauthn:extension:prf: true, webauthn:virtualAuthenticators: true}
Session ID: dc9307da21d0e03a1033adbfc24541f3" type="org.openqa.selenium.JavascriptException">
      <![CDATA[org.openqa.selenium.JavascriptException: javascript error: jQuery is not defined
  (Session info: MicrosoftEdge=124.0.2478.67)
Build info: version: '4.17.0', revision: 'e52b1be057*'
System info: os.name: 'Windows 11', os.arch: 'amd64', os.version: '10.0', java.version: '17.0.10'
Driver info: org.openqa.selenium.edge.EdgeDriver
Command: [dc9307da21d0e03a1033adbfc24541f3, executeScript {args=[], script=return jQuery.active == 0}]
Capabilities {acceptInsecureCerts: false, browserName: MicrosoftEdge, browserVersion: 124.0.2478.67, fedcm:accounts: true, ms:edgeOptions: {debuggerAddress: localhost:64259}, msedge: {msedgedriverVersion: 124.0.2478.67 (d385ef2844e0..., userDataDir: C:\Users\AC\AppData\Local\T...}, networkConnectionEnabled: false, pageLoadStrategy: normal, platformName: windows, proxy: Proxy(), se:cdp: ws://localhost:64259/devtoo..., se:cdpVersion: 124.0.2478.67, setWindowRect: true, strictFileInteractability: false, timeouts: {implicit: 0, pageLoad: 300000, script: 30000}, unhandledPromptBehavior: dismiss and notify, webauthn:extension:credBlob: true, webauthn:extension:largeBlob: true, webauthn:extension:minPinLength: true, webauthn:extension:prf: true, webauthn:virtualAuthenticators: true}
Session ID: dc9307da21d0e03a1033adbfc24541f3
at java.base/jdk.internal.reflect.NativeConstructorAccessorImpl.newInstance0(Native Method)
at java.base/jdk.internal.reflect.NativeConstructorAccessorImpl.newInstance(NativeConstructorAccessorImpl.java:77)
at java.base/jdk.internal.reflect.DelegatingConstructorAccessorImpl.newInstance(DelegatingConstructorAccessorImpl.java:45)
at java.base/java.lang.reflect.Constructor.newInstanceWithCaller(Constructor.java:499)
at java.base/java.lang.reflect.Constructor.newInstance(Constructor.java:480)
at org.openqa.selenium.remote.codec.w3c.W3CHttpResponseCodec.createException(W3CHttpResponseCodec.java:185)
at org.openqa.selenium.remote.codec.w3c.W3CHttpResponseCodec.decode(W3CHttpResponseCodec.java:134)
at org.openqa.selenium.remote.codec.w3c.W3CHttpResponseCodec.decode(W3CHttpResponseCodec.java:51)
at org.openqa.selenium.remote.HttpCommandExecutor.execute(HttpCommandExecutor.java:190)
at org.openqa.selenium.remote.service.DriverCommandExecutor.invokeExecute(DriverCommandExecutor.java:216)
at org.openqa.selenium.remote.service.DriverCommandExecutor.execute(DriverCommandExecutor.java:174)
at org.openqa.selenium.remote.RemoteWebDriver.execute(RemoteWebDriver.java:519)
at org.openqa.selenium.remote.RemoteWebDriver.executeScript(RemoteWebDriver.java:464)
at utility_RR.Utility_RR$1.apply(Utility_RR.java:682)
at utility_RR.Utility_RR$1.apply(Utility_RR.java:679)
at org.openqa.selenium.support.ui.FluentWait.until(FluentWait.java:203)
at utility_RR.Utility_RR.waitForPageLoad(Utility_RR.java:688)
at uiTesting.UiTestingOld.Ui_Testing_actual(UiTestingOld.java:145)
at java.base/jdk.internal.reflect.NativeMethodAccessorImpl.invoke0(Native Method)
at java.base/jdk.internal.reflect.NativeMethodAccessorImpl.invoke(NativeMethodAccessorImpl.java:77)
at java.base/jdk.internal.reflect.DelegatingMethodAccessorImpl.invoke(DelegatingMethodAccessorImpl.java:43)
at java.base/java.lang.reflect.Method.invoke(Method.java:568)
at org.testng.internal.invokers.MethodInvocationHelper.invokeMethod(MethodInvocationHelper.java:136)
at org.testng.internal.invokers.TestInvoker.invokeMethod(TestInvoker.java:658)
at org.testng.internal.invokers.TestInvoker.invokeTestMethod(TestInvoker.java:219)
at org.testng.internal.invokers.MethodRunner.runInSequence(MethodRunner.java:50)
at org.testng.internal.invokers.TestInvoker$MethodInvocationAgent.invoke(TestInvoker.java:923)
at org.testng.internal.invokers.TestInvoker.invokeTestMethods(TestInvoker.java:192)
at org.testng.internal.invokers.TestMethodWorker.invokeTestMethods(TestMethodWorker.java:146)
at org.testng.internal.invokers.TestMethodWorker.run(TestMethodWorker.java:128)
at java.base/java.util.ArrayList.forEach(ArrayList.java:1511)
at org.testng.TestRunner.privateRun(TestRunner.java:808)
at org.testng.TestRunner.run(TestRunner.java:603)
at org.testng.SuiteRunner.runTest(SuiteRunner.java:429)
at org.testng.SuiteRunner.runSequentially(SuiteRunner.java:423)
at org.testng.SuiteRunner.privateRun(SuiteRunner.java:383)
at org.testng.SuiteRunner.run(SuiteRunner.java:326)
at org.testng.SuiteRunnerWorker.runSuite(SuiteRunnerWorker.java:52)
at org.testng.SuiteRunnerWorker.run(SuiteRunnerWorker.java:95)
at org.testng.TestNG.runSuitesSequentially(TestNG.java:1249)
at org.testng.TestNG.runSuitesLocally(TestNG.java:1169)
at org.testng.TestNG.runSuites(TestNG.java:1092)
at org.testng.TestNG.run(TestNG.java:1060)
at org.testng.remote.AbstractRemoteTestNG.run(AbstractRemoteTestNG.java:115)
at org.testng.remote.RemoteTestNG.initAndRun(RemoteTestNG.java:251)
at org.testng.remote.RemoteTestNG.main(RemoteTestNG.java:77)
]]>
    </error>
  </testcase> <!-- Ui_Testing_actual -->
  <system-out>
    <![CDATA[<font color="red">Difference in Screenshot, Please check the mentioned image : excel\UiTesting\actualImage\rewards_buzz.png</font>
<font color="green">Images are identical : excel\UiTesting\baseImage\rewards_notification.png</font>
<font color="green">Images are identical : excel\UiTesting\baseImage\rewards_lookupteam.png</font>
<font color="green">Images are identical : excel\UiTesting\baseImage\my_awards.png</font>
<font color="green">Images are identical : excel\UiTesting\baseImage\my_nonmonetary_awards.png</font>
<font color="green">Images are identical : excel\UiTesting\baseImage\hall_of_fame.png</font>
<font color="green">Images are identical : excel\UiTesting\baseImage\long_service_wall.png</font>
<font color="green">Images are identical : excel\UiTesting\baseImage\rewards_user_poll.png</font>
<font color="green">Images are identical : excel\UiTesting\baseImage\rewards_poll.png</font>
<font color="green">Images are identical : excel\UiTesting\baseImage\rewards_poll_question.png</font>
<font color="red">Difference in Screenshot, Please check the mentioned image : excel\UiTesting\actualImage\hobbies.png</font>
<font color="green">Images are identical : excel\UiTesting\baseImage\pages_survey_landing_page.png</font>
<font color="green">Images are identical : excel\UiTesting\baseImage\pages_survey_report_dashboard.png</font>
<font color="green">Images are identical : excel\UiTesting\baseImage\budget_details.png</font>
<font color="green">Images are identical : excel\UiTesting\baseImage\nomination_monetary_awards.png</font>
<font color="green">Images are identical : excel\UiTesting\baseImage\monetary_award_users_new.png</font>
<font color="green">Images are identical : excel\UiTesting\baseImage\uploaded_nomination_files.png</font>
<font color="green">Images are identical : excel\UiTesting\baseImage\uploaded_award_files.png</font>
<font color="green">Images are identical : excel\UiTesting\baseImage\nonmonetary_award_users_new.png</font>
<font color="green">Images are identical : excel\UiTesting\baseImage\nonmonetary_award_users_custom_wish_list.png</font>
<font color="green">Images are identical : excel\UiTesting\baseImage\nonmonetary_award_users_custom_wish.png</font>
<font color="green">Images are identical : excel\UiTesting\baseImage\rewards_manager_to_manager_balance_transfer.png</font>
<font color="green">Images are identical : excel\UiTesting\baseImage\manager_transfer_report.png</font>
<font color="green">Images are identical : excel\UiTesting\baseImage\rewards_manager_budget_transfer.png</font>
<font color="green">Images are identical : excel\UiTesting\baseImage\rewards_points_transfer.png</font>
<font color="green">Images are identical : excel\UiTesting\baseImage\monetary_award_approval_list.png</font>
<font color="green">Images are identical : excel\UiTesting\baseImage\my_nominations.png</font>
<font color="green">Images are identical : excel\UiTesting\baseImage\past_given_awards.png</font>
<font color="green">Images are identical : excel\UiTesting\baseImage\past_given_nonmonetary_awards.png</font>
<font color="green">Images are identical : excel\UiTesting\baseImage\charts.png</font>
<font color="green">Images are identical : excel\UiTesting\baseImage\stored_values.png</font>
<font color="green">Images are identical : excel\UiTesting\baseImage\recognition_received_report.png</font>
<font color="green">Images are identical : excel\UiTesting\baseImage\appreciation_received_report.png</font>
<font color="green">Images are identical : excel\UiTesting\baseImage\redemption_reports.png</font>
<font color="green">Images are identical : excel\UiTesting\baseImage\pending_nomination_report.png</font>
<font color="green">Images are identical : excel\UiTesting\baseImage\rejected_nomination_report.png</font>
<font color="green">Images are identical : excel\UiTesting\baseImage\manager_transfer_budget_report.png</font>
<font color="green">Images are identical : excel\UiTesting\baseImage\login_report.png</font>]]>
  </system-out>
</testsuite> <!-- uiTesting.UiTestingOld -->
