<?xml version="1.0" encoding="UTF-8"?>
<!-- Generated by org.testng.reporters.JUnitReportReporter -->
<testsuite hostname="Neeru" failures="0" tests="3" name="my_profile.i_want" time="5.636" errors="0" timestamp="2024-04-18T17:21:04 IST" skipped="0">
  <testcase classname="my_profile.i_want" name="verify_label_all_label_name" time="2.073"/>
  <system-out/>
  <testcase classname="my_profile.i_want" name="error_message_verification" time="1.516"/>
  <system-out/>
  <testcase classname="my_profile.i_want" name="profile_awarded_list_Verification" time="2.047"/>
  <system-out/>
</testsuite> <!-- my_profile.i_want -->
