<?xml version="1.0" encoding="UTF-8"?>
<!-- Generated by org.testng.reporters.JUnitReportReporter -->
<testsuite hostname="Neeru" failures="0" tests="2" name="my_profile.add_gift_card" time="2.670" errors="0" timestamp="2024-04-19T15:24:10 IST" skipped="0">
  <testcase classname="my_profile.add_gift_card" name="verify_all_label_name" time="1.415"/>
  <system-out/>
  <testcase classname="my_profile.add_gift_card" name="error_message_verification" time="1.255"/>
  <system-out/>
</testsuite> <!-- my_profile.add_gift_card -->
