<?xml version="1.0" encoding="UTF-8"?>
<!-- Generated by org.testng.reporters.JUnitReportReporter -->
<testsuite hostname="Neeru" failures="0" tests="4" name="points_transfer.manToManTransfer" time="25.340" errors="0" timestamp="2024-05-31T12:07:57 IST" skipped="0">
  <testcase classname="points_transfer.manToManTransfer" name="noPointsEnteredAlertVerification" time="7.477"/>
  <system-out/>
  <testcase classname="points_transfer.manToManTransfer" name="zeroPointsAlertVerification" time="10.544"/>
  <system-out/>
  <testcase classname="points_transfer.manToManTransfer" name="amountExceedingBudgetAlertVerification" time="6.098"/>
  <system-out/>
  <testcase classname="points_transfer.manToManTransfer" name="uploadCSVButtonVerification" time="1.221"/>
  <system-out/>
</testsuite> <!-- points_transfer.manToManTransfer -->
