<?xml version="1.0" encoding="UTF-8"?>
<!-- Generated by org.testng.reporters.JUnitReportReporter -->
<testsuite hostname="Neeru" failures="0" tests="2" name="my_profile.add_gift_card" time="6.323" errors="0" timestamp="2024-05-31T12:05:19 IST" skipped="0">
  <testcase classname="my_profile.add_gift_card" name="verify_all_label_name" time="4.246"/>
  <system-out/>
  <testcase classname="my_profile.add_gift_card" name="error_message_verification" time="2.077"/>
  <system-out/>
</testsuite> <!-- my_profile.add_gift_card -->
