<?xml version="1.0" encoding="UTF-8"?>
<!-- Generated by org.testng.reporters.JUnitReportReporter -->
<testsuite hostname="Neeru" failures="0" tests="5" name="my_profile.my_profile_page" time="26.652" errors="0" timestamp="2024-05-31T12:05:19 IST" skipped="0">
  <testcase classname="my_profile.my_profile_page" name="profile_wallet_verification" time="3.219"/>
  <system-out>
    <![CDATA[Wallet Functionality is not available in this corpoarte]]>
  </system-out>
  <testcase classname="my_profile.my_profile_page" name="profile_pic_Verification" time="6.558"/>
  <system-out>
    <![CDATA[Profile picture edited]]>
  </system-out>
  <testcase classname="my_profile.my_profile_page" name="profile_info_edit_Verification" time="3.785"/>
  <system-out>
    <![CDATA[Information edit tested]]>
  </system-out>
  <testcase classname="my_profile.my_profile_page" name="profile_appreciated_list_Verification" time="6.569"/>
  <system-out>
    <![CDATA[Appreciation received in my profile is tested]]>
  </system-out>
  <testcase classname="my_profile.my_profile_page" name="profile_awarded_list_Verification" time="6.521"/>
  <system-out>
    <![CDATA[Award received in my profile is tested]]>
  </system-out>
</testsuite> <!-- my_profile.my_profile_page -->
