<?xml version="1.0" encoding="UTF-8"?>
<!-- Generated by org.testng.reporters.JUnitReportReporter -->
<testsuite hostname="Neeru" failures="0" tests="2" name="uiTesting.UiTesting" time="582.261" errors="1" timestamp="2024-05-13T18:41:33 IST" skipped="0">
  <testcase classname="uiTesting.UiTesting" name="Ui_Testing_Expected" time="288.737">
    <error message="Expected condition failed: waiting for utility_RR.Utility_RR$1@79e10fb4 (tried for 40 second(s) with 500 milliseconds interval)
Build info: version: &#039;4.17.0&#039;, revision: &#039;e52b1be057*&#039;
System info: os.name: &#039;Windows 11&#039;, os.arch: &#039;amd64&#039;, os.version: &#039;10.0&#039;, java.version: &#039;17.0.10&#039;
Driver info: org.openqa.selenium.edge.EdgeDriver
Capabilities {acceptInsecureCerts: false, browserName: MicrosoftEdge, browserVersion: 124.0.2478.80, fedcm:accounts: true, ms:edgeOptions: {debuggerAddress: localhost:61471}, msedge: {msedgedriverVersion: 124.0.2478.97 (cfa68c26d43d..., userDataDir: C:\Users\AC\AppData\Local\T...}, networkConnectionEnabled: false, pageLoadStrategy: normal, platformName: windows, proxy: Proxy(), se:cdp: ws://localhost:61471/devtoo..., se:cdpVersion: 124.0.2478.80, setWindowRect: true, strictFileInteractability: false, timeouts: {implicit: 0, pageLoad: 300000, script: 30000}, unhandledPromptBehavior: dismiss and notify, webauthn:extension:credBlob: true, webauthn:extension:largeBlob: true, webauthn:extension:minPinLength: true, webauthn:extension:prf: true, webauthn:virtualAuthenticators: true}
Session ID: be772be80ccebff2e2058edac7996e7c" type="org.openqa.selenium.TimeoutException">
      <![CDATA[org.openqa.selenium.TimeoutException: Expected condition failed: waiting for utility_RR.Utility_RR$1@79e10fb4 (tried for 40 second(s) with 500 milliseconds interval)
Build info: version: '4.17.0', revision: 'e52b1be057*'
System info: os.name: 'Windows 11', os.arch: 'amd64', os.version: '10.0', java.version: '17.0.10'
Driver info: org.openqa.selenium.edge.EdgeDriver
Capabilities {acceptInsecureCerts: false, browserName: MicrosoftEdge, browserVersion: 124.0.2478.80, fedcm:accounts: true, ms:edgeOptions: {debuggerAddress: localhost:61471}, msedge: {msedgedriverVersion: 124.0.2478.97 (cfa68c26d43d..., userDataDir: C:\Users\AC\AppData\Local\T...}, networkConnectionEnabled: false, pageLoadStrategy: normal, platformName: windows, proxy: Proxy(), se:cdp: ws://localhost:61471/devtoo..., se:cdpVersion: 124.0.2478.80, setWindowRect: true, strictFileInteractability: false, timeouts: {implicit: 0, pageLoad: 300000, script: 30000}, unhandledPromptBehavior: dismiss and notify, webauthn:extension:credBlob: true, webauthn:extension:largeBlob: true, webauthn:extension:minPinLength: true, webauthn:extension:prf: true, webauthn:virtualAuthenticators: true}
Session ID: be772be80ccebff2e2058edac7996e7c
at org.openqa.selenium.support.ui.WebDriverWait.timeoutException(WebDriverWait.java:84)
at org.openqa.selenium.support.ui.FluentWait.until(FluentWait.java:228)
at utility_RR.Utility_RR.waitForPageLoad(Utility_RR.java:689)
at uiTesting.UiTesting.Ui_Testing_Expected(UiTesting.java:254)
at java.base/jdk.internal.reflect.NativeMethodAccessorImpl.invoke0(Native Method)
at java.base/jdk.internal.reflect.NativeMethodAccessorImpl.invoke(NativeMethodAccessorImpl.java:77)
at java.base/jdk.internal.reflect.DelegatingMethodAccessorImpl.invoke(DelegatingMethodAccessorImpl.java:43)
at java.base/java.lang.reflect.Method.invoke(Method.java:568)
at org.testng.internal.invokers.MethodInvocationHelper.invokeMethod(MethodInvocationHelper.java:136)
at org.testng.internal.invokers.TestInvoker.invokeMethod(TestInvoker.java:658)
at org.testng.internal.invokers.TestInvoker.invokeTestMethod(TestInvoker.java:219)
at org.testng.internal.invokers.MethodRunner.runInSequence(MethodRunner.java:50)
at org.testng.internal.invokers.TestInvoker$MethodInvocationAgent.invoke(TestInvoker.java:923)
at org.testng.internal.invokers.TestInvoker.invokeTestMethods(TestInvoker.java:192)
at org.testng.internal.invokers.TestMethodWorker.invokeTestMethods(TestMethodWorker.java:146)
at org.testng.internal.invokers.TestMethodWorker.run(TestMethodWorker.java:128)
at java.base/java.util.ArrayList.forEach(ArrayList.java:1511)
at org.testng.TestRunner.privateRun(TestRunner.java:808)
at org.testng.TestRunner.run(TestRunner.java:603)
at org.testng.SuiteRunner.runTest(SuiteRunner.java:429)
at org.testng.SuiteRunner.runSequentially(SuiteRunner.java:423)
at org.testng.SuiteRunner.privateRun(SuiteRunner.java:383)
at org.testng.SuiteRunner.run(SuiteRunner.java:326)
at org.testng.SuiteRunnerWorker.runSuite(SuiteRunnerWorker.java:52)
at org.testng.SuiteRunnerWorker.run(SuiteRunnerWorker.java:95)
at org.testng.TestNG.runSuitesSequentially(TestNG.java:1249)
at org.testng.TestNG.runSuitesLocally(TestNG.java:1169)
at org.testng.TestNG.runSuites(TestNG.java:1092)
at org.testng.TestNG.run(TestNG.java:1060)
at org.testng.remote.AbstractRemoteTestNG.run(AbstractRemoteTestNG.java:115)
at org.testng.remote.RemoteTestNG.initAndRun(RemoteTestNG.java:251)
at org.testng.remote.RemoteTestNG.main(RemoteTestNG.java:77)
]]>
    </error>
  </testcase> <!-- Ui_Testing_Expected -->
  <system-out/>
  <testcase classname="uiTesting.UiTesting" name="Ui_Testing_actual" time="293.524"/>
  <system-out>
    <![CDATA[<font color="red">Difference in Screenshot, Please check the mentioned image : excel\UiTesting\actualImage\pages_rewards_home.png</font>
<font color="green">Images are identical : excel\UiTesting\baseImage\pages_my_profile.png</font>
<font color="green">Images are identical : excel\UiTesting\baseImage\pages_nominate_for_award.png</font>
<font color="green">Images are identical : excel\UiTesting\baseImage\pages_nomination-status.png</font>
<font color="green">Images are identical : excel\UiTesting\baseImage\pages_pending_approvals.png</font>
<font color="green">Images are identical : excel\UiTesting\baseImage\pages_give_award.png</font>
<font color="green">Images are identical : excel\UiTesting\baseImage\pages_bulk_csv_upload.png</font>
<font color="green">Images are identical : excel\UiTesting\baseImage\pages_manager_to_manager_transfer.png</font>
<font color="green">Images are identical : excel\UiTesting\baseImage\pages_awards_given.png</font>
<font color="red">Difference in Screenshot, Please check the mentioned image : excel\UiTesting\actualImage\pages_my_awards.png</font>
<font color="green">Images are identical : excel\UiTesting\baseImage\pages_gift_to_colleague.png</font>
<font color="green">Images are identical : excel\UiTesting\baseImage\pages_award_reverts_new.png</font>
<font color="green">Images are identical : excel\UiTesting\baseImage\pages_appreciate.png</font>
<font color="green">Images are identical : excel\UiTesting\baseImage\pages_appreciated_list.png</font>
<font color="green">Images are identical : excel\UiTesting\baseImage\pages_my_nonmonetary_awards.png</font>
<font color="green">Images are identical : excel\UiTesting\baseImage\pages_users_budget.png</font>
<font color="green">Images are identical : excel\UiTesting\baseImage\pages_hall_of_fame.png</font>
<font color="green">Images are identical : excel\UiTesting\baseImage\pages_notifications.png</font>
<font color="red">Difference in Screenshot, Please check the mentioned image : excel\UiTesting\actualImage\pages_sections.png</font>
<font color="green">Images are identical : excel\UiTesting\baseImage\pages_my_vouchers.png</font>
<font color="green">Images are identical : excel\UiTesting\baseImage\rewards_announcement_list.png</font>
<font color="green">Images are identical : excel\UiTesting\baseImage\pages_lookup.png</font>
<font color="green">Images are identical : excel\UiTesting\baseImage\pages_upcoming_birthdays_anniversaries.png</font>
<font color="red">Difference in Screenshot, Please check the mentioned image : excel\UiTesting\actualImage\pages_poll.png</font>
<font color="green">Images are identical : excel\UiTesting\baseImage\pages_create_poll.png</font>
<font color="green">Images are identical : excel\UiTesting\baseImage\pages_poll_analytic.png</font>
<font color="red">Difference in Screenshot, Please check the mentioned image : excel\UiTesting\actualImage\nonmonetary_award_users_custom_wish.png</font>
<font color="green">Images are identical : excel\UiTesting\baseImage\new_reports_dashboard.png</font>
<font color="green">Images are identical : excel\UiTesting\baseImage\new_reports_recoginition_received_report.png</font>
<font color="green">Images are identical : excel\UiTesting\baseImage\new_reports_appreciation_received_report.png</font>
<font color="green">Images are identical : excel\UiTesting\baseImage\new_reports_reedemption_report.png</font>
<font color="green">Images are identical : excel\UiTesting\baseImage\new_reports_pending_nomination_report.png</font>
<font color="green">Images are identical : excel\UiTesting\baseImage\new_reports_rejected_nomination_report.png</font>
<font color="green">Images are identical : excel\UiTesting\baseImage\new_reports_user_reports.png</font>
<font color="green">Images are identical : excel\UiTesting\baseImage\new_reports_login_report.png</font>
<font color="green">Images are identical : excel\UiTesting\baseImage\new_reports_stored_value_report.png</font>
<font color="red">Difference in Screenshot, Please check the mentioned image : excel\UiTesting\actualImage\pages_hobby_clubs.png</font>
<font color="red">Difference in Screenshot, Please check the mentioned image : excel\UiTesting\actualImage\pages_ac_coins_home.png</font>
<font color="green">Images are identical : excel\UiTesting\baseImage\monetary_awards.png</font>
<font color="green">Images are identical : excel\UiTesting\baseImage\pages_contact_us_new.png</font>
<font color="green">Images are identical : excel\UiTesting\baseImage\pages_my_wallet.png</font>
<font color="green">Images are identical : excel\UiTesting\baseImage\pages_add_gift_card.png</font>
<font color="green">Images are identical : excel\UiTesting\baseImage\pages_add_member.png</font>
<font color="green">Images are identical : excel\UiTesting\baseImage\pages_add_wallet_points.png</font>
<font color="green">Images are identical : excel\UiTesting\baseImage\pages_your_favourites.png</font>
<font color="green">Images are identical : excel\UiTesting\baseImage\pages_i_want.png</font>
<font color="green">Images are identical : excel\UiTesting\baseImage\pages_upload_award_file.png</font>
<font color="green">Images are identical : excel\UiTesting\baseImage\pages_inter_manager_budget_transfer.png</font>
<font color="green">Images are identical : excel\UiTesting\baseImage\pages_manager_budget_transfer_new.png</font>
<font color="green">Images are identical : excel\UiTesting\baseImage\new_reports_peer_to_peer_transfer_report.png</font>
<font color="green">Images are identical : excel\UiTesting\baseImage\pages_my_uploaded_transfer_files.png</font>
<font color="green">Images are identical : excel\UiTesting\baseImage\new_reports_manager2manager_transfer_report.png</font>
<font color="green">Images are identical : excel\UiTesting\baseImage\new_reports_credit_transfer_report.png</font>
<font color="red">Difference in Screenshot, Please check the mentioned image : excel\UiTesting\actualImage\new_reports_login_session_report.png</font>
<font color="red">Difference in Screenshot, Please check the mentioned image : excel\UiTesting\actualImage\new_reports_budget_utilization_report.png</font>]]>
  </system-out>
</testsuite> <!-- uiTesting.UiTesting -->
